<?xml version="1.0" encoding="UTF-8"?>
<coverage line-rate="0.970744680851064" branch-rate="0" lines-covered="365" lines-valid="376" branches-covered="0" branches-valid="0" complexity="0" version="3.6.1" timestamp="2022-10-06 06:19:54">
  <sources/>
  <packages>
    <package name="SimulationEngineMSM" line-rate="0.970744680851064" branch-rate="0" complexity="0">
      <classes>
        <class name="assertions.R" filename="R/assertions.R" line-rate="1" branch-rate="0" complexity="0">
          <methods>
            <method name="assert_positive_number" signature="" line-rate="1" branch-rate="0">
              <lines>
                <line number="14" hits="8478" branch="false"/>
                <line number="15" hits="8477" branch="false"/>
                <line number="16" hits="8477" branch="false"/>
                <line number="17" hits="4254" branch="false"/>
                <line number="19" hits="4223" branch="false"/>
              </lines>
            </method>
            <method name="assert_intervals" signature="" line-rate="1" branch-rate="0">
              <lines>
                <line number="40" hits="19" branch="false"/>
                <line number="41" hits="19" branch="false"/>
                <line number="42" hits="19" branch="false"/>
                <line number="43" hits="19" branch="false"/>
                <line number="44" hits="19" branch="false"/>
                <line number="45" hits="19" branch="false"/>
                <line number="46" hits="19" branch="false"/>
                <line number="47" hits="19" branch="false"/>
                <line number="48" hits="19" branch="false"/>
                <line number="49" hits="14" branch="false"/>
              </lines>
            </method>
          </methods>
          <lines>
            <line number="14" hits="8478" branch="false"/>
            <line number="15" hits="8477" branch="false"/>
            <line number="16" hits="8477" branch="false"/>
            <line number="17" hits="4254" branch="false"/>
            <line number="19" hits="4223" branch="false"/>
            <line number="40" hits="19" branch="false"/>
            <line number="41" hits="19" branch="false"/>
            <line number="42" hits="19" branch="false"/>
            <line number="43" hits="19" branch="false"/>
            <line number="44" hits="19" branch="false"/>
            <line number="45" hits="19" branch="false"/>
            <line number="46" hits="19" branch="false"/>
            <line number="47" hits="19" branch="false"/>
            <line number="48" hits="19" branch="false"/>
            <line number="49" hits="14" branch="false"/>
          </lines>
        </class>
        <class name="eventTracking.R" filename="R/eventTracking.R" line-rate="0.975" branch-rate="0" complexity="0">
          <methods>
            <method name="getTimePoint" signature="" line-rate="0.954545454545455" branch-rate="0">
              <lines>
                <line number="25" hits="6" branch="false"/>
                <line number="26" hits="6" branch="false"/>
                <line number="27" hits="6" branch="false"/>
                <line number="28" hits="6" branch="false"/>
                <line number="30" hits="6" branch="false"/>
                <line number="31" hits="4" branch="false"/>
                <line number="33" hits="6" branch="false"/>
                <line number="35" hits="6" branch="false"/>
                <line number="36" hits="3" branch="false"/>
                <line number="37" hits="3" branch="false"/>
                <line number="38" hits="3" branch="false"/>
                <line number="39" hits="3" branch="false"/>
                <line number="40" hits="3" branch="false"/>
                <line number="43" hits="6" branch="false"/>
                <line number="44" hits="6" branch="false"/>
                <line number="45" hits="6" branch="false"/>
                <line number="46" hits="6" branch="false"/>
                <line number="47" hits="0" branch="false"/>
                <line number="48" hits="6" branch="false"/>
                <line number="49" hits="6" branch="false"/>
                <line number="50" hits="6" branch="false"/>
                <line number="51" hits="6" branch="false"/>
              </lines>
            </method>
            <method name="getCensoredData" signature="" line-rate="1" branch-rate="0">
              <lines>
                <line number="81" hits="5" branch="false"/>
                <line number="82" hits="5" branch="false"/>
                <line number="83" hits="5" branch="false"/>
                <line number="86" hits="5" branch="false"/>
                <line number="87" hits="5" branch="false"/>
                <line number="89" hits="5" branch="false"/>
                <line number="91" hits="5" branch="false"/>
                <line number="92" hits="5" branch="false"/>
                <line number="94" hits="5" branch="false"/>
                <line number="96" hits="5" branch="false"/>
              </lines>
            </method>
            <method name="censoringByNumberEvents" signature="" line-rate="1" branch-rate="0">
              <lines>
                <line number="124" hits="2" branch="false"/>
                <line number="125" hits="2" branch="false"/>
                <line number="126" hits="2" branch="false"/>
                <line number="129" hits="2" branch="false"/>
                <line number="132" hits="2" branch="false"/>
                <line number="134" hits="2" branch="false"/>
                <line number="135" hits="2" branch="false"/>
                <line number="137" hits="2" branch="false"/>
                <line number="138" hits="2" branch="false"/>
                <line number="140" hits="2" branch="false"/>
                <line number="141" hits="2" branch="false"/>
                <line number="142" hits="2" branch="false"/>
                <line number="143" hits="2" branch="false"/>
                <line number="144" hits="2" branch="false"/>
                <line number="145" hits="2" branch="false"/>
              </lines>
            </method>
            <method name="getEventsAll" signature="" line-rate="1" branch-rate="0">
              <lines>
                <line number="172" hits="3" branch="false"/>
                <line number="173" hits="3" branch="false"/>
                <line number="175" hits="3" branch="false"/>
                <line number="176" hits="3" branch="false"/>
                <line number="177" hits="3" branch="false"/>
                <line number="179" hits="3" branch="false"/>
                <line number="180" hits="3" branch="false"/>
                <line number="181" hits="3" branch="false"/>
                <line number="182" hits="3" branch="false"/>
                <line number="183" hits="3" branch="false"/>
                <line number="185" hits="3" branch="false"/>
              </lines>
            </method>
            <method name="getNumberEvents" signature="" line-rate="1" branch-rate="0">
              <lines>
                <line number="202" hits="5" branch="false"/>
                <line number="203" hits="5" branch="false"/>
                <line number="204" hits="5" branch="false"/>
                <line number="205" hits="5" branch="false"/>
              </lines>
            </method>
            <method name="trackEventsPerTrial" signature="" line-rate="0.944444444444444" branch-rate="0">
              <lines>
                <line number="233" hits="1" branch="false"/>
                <line number="234" hits="1" branch="false"/>
                <line number="235" hits="1" branch="false"/>
                <line number="237" hits="1" branch="false"/>
                <line number="238" hits="0" branch="false"/>
                <line number="240" hits="1" branch="false"/>
                <line number="241" hits="1" branch="false"/>
                <line number="242" hits="1" branch="false"/>
                <line number="243" hits="1" branch="false"/>
                <line number="244" hits="1" branch="false"/>
                <line number="245" hits="1" branch="false"/>
                <line number="247" hits="1" branch="false"/>
                <line number="248" hits="1" branch="false"/>
                <line number="249" hits="1" branch="false"/>
                <line number="250" hits="1" branch="false"/>
                <line number="251" hits="1" branch="false"/>
                <line number="252" hits="1" branch="false"/>
                <line number="254" hits="1" branch="false"/>
              </lines>
            </method>
          </methods>
          <lines>
            <line number="25" hits="6" branch="false"/>
            <line number="26" hits="6" branch="false"/>
            <line number="27" hits="6" branch="false"/>
            <line number="28" hits="6" branch="false"/>
            <line number="30" hits="6" branch="false"/>
            <line number="31" hits="4" branch="false"/>
            <line number="33" hits="6" branch="false"/>
            <line number="35" hits="6" branch="false"/>
            <line number="36" hits="3" branch="false"/>
            <line number="37" hits="3" branch="false"/>
            <line number="38" hits="3" branch="false"/>
            <line number="39" hits="3" branch="false"/>
            <line number="40" hits="3" branch="false"/>
            <line number="43" hits="6" branch="false"/>
            <line number="44" hits="6" branch="false"/>
            <line number="45" hits="6" branch="false"/>
            <line number="46" hits="6" branch="false"/>
            <line number="47" hits="0" branch="false"/>
            <line number="48" hits="6" branch="false"/>
            <line number="49" hits="6" branch="false"/>
            <line number="50" hits="6" branch="false"/>
            <line number="51" hits="6" branch="false"/>
            <line number="81" hits="5" branch="false"/>
            <line number="82" hits="5" branch="false"/>
            <line number="83" hits="5" branch="false"/>
            <line number="86" hits="5" branch="false"/>
            <line number="87" hits="5" branch="false"/>
            <line number="89" hits="5" branch="false"/>
            <line number="91" hits="5" branch="false"/>
            <line number="92" hits="5" branch="false"/>
            <line number="94" hits="5" branch="false"/>
            <line number="96" hits="5" branch="false"/>
            <line number="124" hits="2" branch="false"/>
            <line number="125" hits="2" branch="false"/>
            <line number="126" hits="2" branch="false"/>
            <line number="129" hits="2" branch="false"/>
            <line number="132" hits="2" branch="false"/>
            <line number="134" hits="2" branch="false"/>
            <line number="135" hits="2" branch="false"/>
            <line number="137" hits="2" branch="false"/>
            <line number="138" hits="2" branch="false"/>
            <line number="140" hits="2" branch="false"/>
            <line number="141" hits="2" branch="false"/>
            <line number="142" hits="2" branch="false"/>
            <line number="143" hits="2" branch="false"/>
            <line number="144" hits="2" branch="false"/>
            <line number="145" hits="2" branch="false"/>
            <line number="172" hits="3" branch="false"/>
            <line number="173" hits="3" branch="false"/>
            <line number="175" hits="3" branch="false"/>
            <line number="176" hits="3" branch="false"/>
            <line number="177" hits="3" branch="false"/>
            <line number="179" hits="3" branch="false"/>
            <line number="180" hits="3" branch="false"/>
            <line number="181" hits="3" branch="false"/>
            <line number="182" hits="3" branch="false"/>
            <line number="183" hits="3" branch="false"/>
            <line number="185" hits="3" branch="false"/>
            <line number="202" hits="5" branch="false"/>
            <line number="203" hits="5" branch="false"/>
            <line number="204" hits="5" branch="false"/>
            <line number="205" hits="5" branch="false"/>
            <line number="233" hits="1" branch="false"/>
            <line number="234" hits="1" branch="false"/>
            <line number="235" hits="1" branch="false"/>
            <line number="237" hits="1" branch="false"/>
            <line number="238" hits="0" branch="false"/>
            <line number="240" hits="1" branch="false"/>
            <line number="241" hits="1" branch="false"/>
            <line number="242" hits="1" branch="false"/>
            <line number="243" hits="1" branch="false"/>
            <line number="244" hits="1" branch="false"/>
            <line number="245" hits="1" branch="false"/>
            <line number="247" hits="1" branch="false"/>
            <line number="248" hits="1" branch="false"/>
            <line number="249" hits="1" branch="false"/>
            <line number="250" hits="1" branch="false"/>
            <line number="251" hits="1" branch="false"/>
            <line number="252" hits="1" branch="false"/>
            <line number="254" hits="1" branch="false"/>
          </lines>
        </class>
        <class name="getClinicalTrials.R" filename="R/getClinicalTrials.R" line-rate="1" branch-rate="0" complexity="0">
          <methods>
            <method name="getOneClinicalTrial" signature="" line-rate="1" branch-rate="0">
              <lines>
                <line number="29" hits="1028" branch="false"/>
                <line number="30" hits="1028" branch="false"/>
                <line number="31" hits="1028" branch="false"/>
                <line number="33" hits="1028" branch="false"/>
                <line number="34" hits="1028" branch="false"/>
                <line number="35" hits="1028" branch="false"/>
                <line number="36" hits="1028" branch="false"/>
                <line number="37" hits="1028" branch="false"/>
                <line number="38" hits="1028" branch="false"/>
                <line number="40" hits="1028" branch="false"/>
                <line number="41" hits="1028" branch="false"/>
                <line number="44" hits="1028" branch="false"/>
                <line number="45" hits="1028" branch="false"/>
                <line number="46" hits="1028" branch="false"/>
                <line number="47" hits="2057" branch="false"/>
                <line number="48" hits="2057" branch="false"/>
                <line number="49" hits="2057" branch="false"/>
                <line number="50" hits="2057" branch="false"/>
                <line number="51" hits="2057" branch="false"/>
                <line number="53" hits="1028" branch="false"/>
              </lines>
            </method>
            <method name="getDatasetWideFormat" signature="" line-rate="1" branch-rate="0">
              <lines>
                <line number="92" hits="16" branch="false"/>
                <line number="93" hits="16" branch="false"/>
                <line number="95" hits="16" branch="false"/>
                <line number="96" hits="16" branch="false"/>
                <line number="99" hits="16" branch="false"/>
                <line number="100" hits="16" branch="false"/>
                <line number="102" hits="16" branch="false"/>
                <line number="103" hits="16" branch="false"/>
                <line number="104" hits="16" branch="false"/>
                <line number="105" hits="16" branch="false"/>
                <line number="106" hits="16" branch="false"/>
                <line number="109" hits="16" branch="false"/>
                <line number="110" hits="16" branch="false"/>
                <line number="111" hits="16" branch="false"/>
                <line number="112" hits="16" branch="false"/>
                <line number="113" hits="16" branch="false"/>
                <line number="116" hits="16" branch="false"/>
                <line number="117" hits="16" branch="false"/>
                <line number="118" hits="16" branch="false"/>
                <line number="120" hits="16" branch="false"/>
                <line number="121" hits="16" branch="false"/>
                <line number="122" hits="16" branch="false"/>
                <line number="124" hits="16" branch="false"/>
                <line number="125" hits="16" branch="false"/>
                <line number="128" hits="16" branch="false"/>
                <line number="129" hits="16" branch="false"/>
                <line number="131" hits="16" branch="false"/>
              </lines>
            </method>
            <method name="getClinicalTrials" signature="" line-rate="1" branch-rate="0">
              <lines>
                <line number="157" hits="3" branch="false"/>
                <line number="158" hits="3" branch="false"/>
                <line number="160" hits="3" branch="false"/>
                <line number="162" hits="3" branch="false"/>
                <line number="163" hits="3" branch="false"/>
                <line number="164" hits="3" branch="false"/>
                <line number="165" hits="3" branch="false"/>
                <line number="166" hits="3" branch="false"/>
                <line number="169" hits="3" branch="false"/>
                <line number="170" hits="1" branch="false"/>
                <line number="172" hits="3" branch="false"/>
              </lines>
            </method>
          </methods>
          <lines>
            <line number="29" hits="1028" branch="false"/>
            <line number="30" hits="1028" branch="false"/>
            <line number="31" hits="1028" branch="false"/>
            <line number="33" hits="1028" branch="false"/>
            <line number="34" hits="1028" branch="false"/>
            <line number="35" hits="1028" branch="false"/>
            <line number="36" hits="1028" branch="false"/>
            <line number="37" hits="1028" branch="false"/>
            <line number="38" hits="1028" branch="false"/>
            <line number="40" hits="1028" branch="false"/>
            <line number="41" hits="1028" branch="false"/>
            <line number="44" hits="1028" branch="false"/>
            <line number="45" hits="1028" branch="false"/>
            <line number="46" hits="1028" branch="false"/>
            <line number="47" hits="2057" branch="false"/>
            <line number="48" hits="2057" branch="false"/>
            <line number="49" hits="2057" branch="false"/>
            <line number="50" hits="2057" branch="false"/>
            <line number="51" hits="2057" branch="false"/>
            <line number="53" hits="1028" branch="false"/>
            <line number="92" hits="16" branch="false"/>
            <line number="93" hits="16" branch="false"/>
            <line number="95" hits="16" branch="false"/>
            <line number="96" hits="16" branch="false"/>
            <line number="99" hits="16" branch="false"/>
            <line number="100" hits="16" branch="false"/>
            <line number="102" hits="16" branch="false"/>
            <line number="103" hits="16" branch="false"/>
            <line number="104" hits="16" branch="false"/>
            <line number="105" hits="16" branch="false"/>
            <line number="106" hits="16" branch="false"/>
            <line number="109" hits="16" branch="false"/>
            <line number="110" hits="16" branch="false"/>
            <line number="111" hits="16" branch="false"/>
            <line number="112" hits="16" branch="false"/>
            <line number="113" hits="16" branch="false"/>
            <line number="116" hits="16" branch="false"/>
            <line number="117" hits="16" branch="false"/>
            <line number="118" hits="16" branch="false"/>
            <line number="120" hits="16" branch="false"/>
            <line number="121" hits="16" branch="false"/>
            <line number="122" hits="16" branch="false"/>
            <line number="124" hits="16" branch="false"/>
            <line number="125" hits="16" branch="false"/>
            <line number="128" hits="16" branch="false"/>
            <line number="129" hits="16" branch="false"/>
            <line number="131" hits="16" branch="false"/>
            <line number="157" hits="3" branch="false"/>
            <line number="158" hits="3" branch="false"/>
            <line number="160" hits="3" branch="false"/>
            <line number="162" hits="3" branch="false"/>
            <line number="163" hits="3" branch="false"/>
            <line number="164" hits="3" branch="false"/>
            <line number="165" hits="3" branch="false"/>
            <line number="166" hits="3" branch="false"/>
            <line number="169" hits="3" branch="false"/>
            <line number="170" hits="1" branch="false"/>
            <line number="172" hits="3" branch="false"/>
          </lines>
        </class>
        <class name="getSimulatedData.R" filename="R/getSimulatedData.R" line-rate="0.931372549019608" branch-rate="0" complexity="0">
          <methods>
            <method name="getOneToTwoRows" signature="" line-rate="0.961538461538462" branch-rate="0">
              <lines>
                <line number="27" hits="2061" branch="false"/>
                <line number="28" hits="2061" branch="false"/>
                <line number="30" hits="2061" branch="false"/>
                <line number="31" hits="2061" branch="false"/>
                <line number="32" hits="2061" branch="false"/>
                <line number="33" hits="2061" branch="false"/>
                <line number="34" hits="2061" branch="false"/>
                <line number="35" hits="2061" branch="false"/>
                <line number="36" hits="2061" branch="false"/>
                <line number="37" hits="2061" branch="false"/>
                <line number="38" hits="2061" branch="false"/>
                <line number="41" hits="2061" branch="false"/>
                <line number="42" hits="2044" branch="false"/>
                <line number="43" hits="2061" branch="false"/>
                <line number="44" hits="17" branch="false"/>
                <line number="45" hits="2061" branch="false"/>
                <line number="46" hits="0" branch="false"/>
                <line number="47" hits="2061" branch="false"/>
                <line number="48" hits="2061" branch="false"/>
                <line number="51" hits="2061" branch="false"/>
                <line number="52" hits="2061" branch="false"/>
                <line number="53" hits="2061" branch="false"/>
                <line number="55" hits="2061" branch="false"/>
                <line number="56" hits="2061" branch="false"/>
                <line number="57" hits="2061" branch="false"/>
                <line number="58" hits="2061" branch="false"/>
              </lines>
            </method>
            <method name="addStaggeredEntry" signature="" line-rate="1" branch-rate="0">
              <lines>
                <line number="90" hits="2064" branch="false"/>
                <line number="91" hits="2064" branch="false"/>
                <line number="95" hits="2064" branch="false"/>
                <line number="96" hits="2053" branch="false"/>
                <line number="97" hits="12" branch="false"/>
                <line number="98" hits="2041" branch="false"/>
                <line number="99" hits="2041" branch="false"/>
                <line number="100" hits="2041" branch="false"/>
                <line number="101" hits="2064" branch="false"/>
                <line number="102" hits="2064" branch="false"/>
                <line number="103" hits="11" branch="false"/>
                <line number="104" hits="2064" branch="false"/>
                <line number="105" hits="2064" branch="false"/>
                <line number="108" hits="2064" branch="false"/>
                <line number="109" hits="2064" branch="false"/>
                <line number="110" hits="2064" branch="false"/>
                <line number="111" hits="2064" branch="false"/>
                <line number="113" hits="2064" branch="false"/>
                <line number="114" hits="2064" branch="false"/>
                <line number="115" hits="2064" branch="false"/>
              </lines>
            </method>
            <method name="getSimulatedData" signature="" line-rate="0.892857142857143" branch-rate="0">
              <lines>
                <line number="160" hits="2060" branch="false"/>
                <line number="161" hits="2060" branch="false"/>
                <line number="162" hits="2060" branch="false"/>
                <line number="164" hits="2060" branch="false"/>
                <line number="165" hits="2060" branch="false"/>
                <line number="166" hits="2060" branch="false"/>
                <line number="167" hits="2060" branch="false"/>
                <line number="168" hits="2060" branch="false"/>
                <line number="169" hits="2060" branch="false"/>
                <line number="171" hits="2060" branch="false"/>
                <line number="172" hits="2060" branch="false"/>
                <line number="173" hits="2060" branch="false"/>
                <line number="177" hits="2060" branch="false"/>
                <line number="178" hits="56" branch="false"/>
                <line number="179" hits="2060" branch="false"/>
                <line number="180" hits="2004" branch="false"/>
                <line number="181" hits="2060" branch="false"/>
                <line number="183" hits="2060" branch="false"/>
                <line number="184" hits="56" branch="false"/>
                <line number="185" hits="2060" branch="false"/>
                <line number="186" hits="2004" branch="false"/>
                <line number="187" hits="2060" branch="false"/>
                <line number="190" hits="2060" branch="false"/>
                <line number="191" hits="2060" branch="false"/>
                <line number="193" hits="2060" branch="false"/>
                <line number="195" hits="2060" branch="false"/>
                <line number="197" hits="2060" branch="false"/>
                <line number="199" hits="2060" branch="false"/>
                <line number="200" hits="2060" branch="false"/>
                <line number="203" hits="0" branch="false"/>
                <line number="204" hits="0" branch="false"/>
                <line number="205" hits="0" branch="false"/>
                <line number="207" hits="0" branch="false"/>
                <line number="208" hits="0" branch="false"/>
                <line number="209" hits="0" branch="false"/>
                <line number="212" hits="2060" branch="false"/>
                <line number="213" hits="2060" branch="false"/>
                <line number="214" hits="2060" branch="false"/>
                <line number="217" hits="2060" branch="false"/>
                <line number="218" hits="2060" branch="false"/>
                <line number="220" hits="2060" branch="false"/>
                <line number="221" hits="2060" branch="false"/>
                <line number="222" hits="2060" branch="false"/>
                <line number="223" hits="2060" branch="false"/>
                <line number="225" hits="2060" branch="false"/>
                <line number="226" hits="2060" branch="false"/>
                <line number="227" hits="2060" branch="false"/>
                <line number="228" hits="2060" branch="false"/>
                <line number="230" hits="2060" branch="false"/>
                <line number="231" hits="2060" branch="false"/>
                <line number="232" hits="2060" branch="false"/>
                <line number="233" hits="2060" branch="false"/>
                <line number="234" hits="2060" branch="false"/>
                <line number="235" hits="2060" branch="false"/>
                <line number="236" hits="2060" branch="false"/>
                <line number="237" hits="2060" branch="false"/>
              </lines>
            </method>
          </methods>
          <lines>
            <line number="27" hits="2061" branch="false"/>
            <line number="28" hits="2061" branch="false"/>
            <line number="30" hits="2061" branch="false"/>
            <line number="31" hits="2061" branch="false"/>
            <line number="32" hits="2061" branch="false"/>
            <line number="33" hits="2061" branch="false"/>
            <line number="34" hits="2061" branch="false"/>
            <line number="35" hits="2061" branch="false"/>
            <line number="36" hits="2061" branch="false"/>
            <line number="37" hits="2061" branch="false"/>
            <line number="38" hits="2061" branch="false"/>
            <line number="41" hits="2061" branch="false"/>
            <line number="42" hits="2044" branch="false"/>
            <line number="43" hits="2061" branch="false"/>
            <line number="44" hits="17" branch="false"/>
            <line number="45" hits="2061" branch="false"/>
            <line number="46" hits="0" branch="false"/>
            <line number="47" hits="2061" branch="false"/>
            <line number="48" hits="2061" branch="false"/>
            <line number="51" hits="2061" branch="false"/>
            <line number="52" hits="2061" branch="false"/>
            <line number="53" hits="2061" branch="false"/>
            <line number="55" hits="2061" branch="false"/>
            <line number="56" hits="2061" branch="false"/>
            <line number="57" hits="2061" branch="false"/>
            <line number="58" hits="2061" branch="false"/>
            <line number="90" hits="2064" branch="false"/>
            <line number="91" hits="2064" branch="false"/>
            <line number="95" hits="2064" branch="false"/>
            <line number="96" hits="2053" branch="false"/>
            <line number="97" hits="12" branch="false"/>
            <line number="98" hits="2041" branch="false"/>
            <line number="99" hits="2041" branch="false"/>
            <line number="100" hits="2041" branch="false"/>
            <line number="101" hits="2064" branch="false"/>
            <line number="102" hits="2064" branch="false"/>
            <line number="103" hits="11" branch="false"/>
            <line number="104" hits="2064" branch="false"/>
            <line number="105" hits="2064" branch="false"/>
            <line number="108" hits="2064" branch="false"/>
            <line number="109" hits="2064" branch="false"/>
            <line number="110" hits="2064" branch="false"/>
            <line number="111" hits="2064" branch="false"/>
            <line number="113" hits="2064" branch="false"/>
            <line number="114" hits="2064" branch="false"/>
            <line number="115" hits="2064" branch="false"/>
            <line number="160" hits="2060" branch="false"/>
            <line number="161" hits="2060" branch="false"/>
            <line number="162" hits="2060" branch="false"/>
            <line number="164" hits="2060" branch="false"/>
            <line number="165" hits="2060" branch="false"/>
            <line number="166" hits="2060" branch="false"/>
            <line number="167" hits="2060" branch="false"/>
            <line number="168" hits="2060" branch="false"/>
            <line number="169" hits="2060" branch="false"/>
            <line number="171" hits="2060" branch="false"/>
            <line number="172" hits="2060" branch="false"/>
            <line number="173" hits="2060" branch="false"/>
            <line number="177" hits="2060" branch="false"/>
            <line number="178" hits="56" branch="false"/>
            <line number="179" hits="2060" branch="false"/>
            <line number="180" hits="2004" branch="false"/>
            <line number="181" hits="2060" branch="false"/>
            <line number="183" hits="2060" branch="false"/>
            <line number="184" hits="56" branch="false"/>
            <line number="185" hits="2060" branch="false"/>
            <line number="186" hits="2004" branch="false"/>
            <line number="187" hits="2060" branch="false"/>
            <line number="190" hits="2060" branch="false"/>
            <line number="191" hits="2060" branch="false"/>
            <line number="193" hits="2060" branch="false"/>
            <line number="195" hits="2060" branch="false"/>
            <line number="197" hits="2060" branch="false"/>
            <line number="199" hits="2060" branch="false"/>
            <line number="200" hits="2060" branch="false"/>
            <line number="203" hits="0" branch="false"/>
            <line number="204" hits="0" branch="false"/>
            <line number="205" hits="0" branch="false"/>
            <line number="207" hits="0" branch="false"/>
            <line number="208" hits="0" branch="false"/>
            <line number="209" hits="0" branch="false"/>
            <line number="212" hits="2060" branch="false"/>
            <line number="213" hits="2060" branch="false"/>
            <line number="214" hits="2060" branch="false"/>
            <line number="217" hits="2060" branch="false"/>
            <line number="218" hits="2060" branch="false"/>
            <line number="220" hits="2060" branch="false"/>
            <line number="221" hits="2060" branch="false"/>
            <line number="222" hits="2060" branch="false"/>
            <line number="223" hits="2060" branch="false"/>
            <line number="225" hits="2060" branch="false"/>
            <line number="226" hits="2060" branch="false"/>
            <line number="227" hits="2060" branch="false"/>
            <line number="228" hits="2060" branch="false"/>
            <line number="230" hits="2060" branch="false"/>
            <line number="231" hits="2060" branch="false"/>
            <line number="232" hits="2060" branch="false"/>
            <line number="233" hits="2060" branch="false"/>
            <line number="234" hits="2060" branch="false"/>
            <line number="235" hits="2060" branch="false"/>
            <line number="236" hits="2060" branch="false"/>
            <line number="237" hits="2060" branch="false"/>
          </lines>
        </class>
        <class name="getWaitTimeSum.R" filename="R/getWaitTimeSum.R" line-rate="0.931034482758621" branch-rate="0" complexity="0">
          <methods>
            <method name="getWaitTimeSum" signature="" line-rate="0.931034482758621" branch-rate="0">
              <lines>
                <line number="22" hits="2080" branch="false"/>
                <line number="23" hits="2080" branch="false"/>
                <line number="24" hits="2080" branch="false"/>
                <line number="25" hits="2080" branch="false"/>
                <line number="26" hits="2080" branch="false"/>
                <line number="27" hits="2080" branch="false"/>
                <line number="30" hits="2080" branch="false"/>
                <line number="32" hits="2080" branch="false"/>
                <line number="33" hits="2052" branch="false"/>
                <line number="36" hits="28" branch="false"/>
                <line number="37" hits="28" branch="false"/>
                <line number="38" hits="28" branch="false"/>
                <line number="39" hits="28" branch="false"/>
                <line number="40" hits="28" branch="false"/>
                <line number="41" hits="28" branch="false"/>
                <line number="42" hits="28" branch="false"/>
                <line number="43" hits="28" branch="false"/>
                <line number="44" hits="28" branch="false"/>
                <line number="45" hits="28" branch="false"/>
                <line number="46" hits="28" branch="false"/>
                <line number="47" hits="28" branch="false"/>
                <line number="48" hits="28" branch="false"/>
                <line number="49" hits="0" branch="false"/>
                <line number="50" hits="28" branch="false"/>
                <line number="51" hits="28" branch="false"/>
                <line number="52" hits="0" branch="false"/>
                <line number="53" hits="28" branch="false"/>
                <line number="54" hits="28" branch="false"/>
                <line number="55" hits="28" branch="false"/>
              </lines>
            </method>
          </methods>
          <lines>
            <line number="22" hits="2080" branch="false"/>
            <line number="23" hits="2080" branch="false"/>
            <line number="24" hits="2080" branch="false"/>
            <line number="25" hits="2080" branch="false"/>
            <line number="26" hits="2080" branch="false"/>
            <line number="27" hits="2080" branch="false"/>
            <line number="30" hits="2080" branch="false"/>
            <line number="32" hits="2080" branch="false"/>
            <line number="33" hits="2052" branch="false"/>
            <line number="36" hits="28" branch="false"/>
            <line number="37" hits="28" branch="false"/>
            <line number="38" hits="28" branch="false"/>
            <line number="39" hits="28" branch="false"/>
            <line number="40" hits="28" branch="false"/>
            <line number="41" hits="28" branch="false"/>
            <line number="42" hits="28" branch="false"/>
            <line number="43" hits="28" branch="false"/>
            <line number="44" hits="28" branch="false"/>
            <line number="45" hits="28" branch="false"/>
            <line number="46" hits="28" branch="false"/>
            <line number="47" hits="28" branch="false"/>
            <line number="48" hits="28" branch="false"/>
            <line number="49" hits="0" branch="false"/>
            <line number="50" hits="28" branch="false"/>
            <line number="51" hits="28" branch="false"/>
            <line number="52" hits="0" branch="false"/>
            <line number="53" hits="28" branch="false"/>
            <line number="54" hits="28" branch="false"/>
            <line number="55" hits="28" branch="false"/>
          </lines>
        </class>
        <class name="piecewiseDistribution.R" filename="R/piecewiseDistribution.R" line-rate="1" branch-rate="0" complexity="0">
          <methods>
            <method name="getPCWDistr" signature="" line-rate="1" branch-rate="0">
              <lines>
                <line number="18" hits="3" branch="false"/>
                <line number="19" hits="3" branch="false"/>
                <line number="20" hits="3" branch="false"/>
                <line number="21" hits="3" branch="false"/>
                <line number="23" hits="3" branch="false"/>
                <line number="24" hits="3" branch="false"/>
                <line number="25" hits="3" branch="false"/>
                <line number="26" hits="3" branch="false"/>
                <line number="28" hits="4" branch="false"/>
                <line number="29" hits="4" branch="false"/>
                <line number="31" hits="4" branch="false"/>
                <line number="33" hits="4" branch="false"/>
                <line number="34" hits="4" branch="false"/>
                <line number="35" hits="4" branch="false"/>
                <line number="37" hits="4" branch="false"/>
                <line number="38" hits="3" branch="false"/>
                <line number="39" hits="4" branch="false"/>
                <line number="40" hits="1" branch="false"/>
                <line number="41" hits="4" branch="false"/>
                <line number="43" hits="3" branch="false"/>
              </lines>
            </method>
            <method name="PCWInversionMethod" signature="" line-rate="1" branch-rate="0">
              <lines>
                <line number="63" hits="4" branch="false"/>
                <line number="64" hits="4" branch="false"/>
                <line number="65" hits="4" branch="false"/>
                <line number="67" hits="4" branch="false"/>
                <line number="68" hits="4" branch="false"/>
                <line number="70" hits="4" branch="false"/>
                <line number="73" hits="4" branch="false"/>
                <line number="74" hits="4" branch="false"/>
                <line number="76" hits="4" branch="false"/>
                <line number="78" hits="4" branch="false"/>
                <line number="80" hits="4" branch="false"/>
                <line number="82" hits="4" branch="false"/>
                <line number="84" hits="4" branch="false"/>
              </lines>
            </method>
          </methods>
          <lines>
            <line number="18" hits="3" branch="false"/>
            <line number="19" hits="3" branch="false"/>
            <line number="20" hits="3" branch="false"/>
            <line number="21" hits="3" branch="false"/>
            <line number="23" hits="3" branch="false"/>
            <line number="24" hits="3" branch="false"/>
            <line number="25" hits="3" branch="false"/>
            <line number="26" hits="3" branch="false"/>
            <line number="28" hits="4" branch="false"/>
            <line number="29" hits="4" branch="false"/>
            <line number="31" hits="4" branch="false"/>
            <line number="33" hits="4" branch="false"/>
            <line number="34" hits="4" branch="false"/>
            <line number="35" hits="4" branch="false"/>
            <line number="37" hits="4" branch="false"/>
            <line number="38" hits="3" branch="false"/>
            <line number="39" hits="4" branch="false"/>
            <line number="40" hits="1" branch="false"/>
            <line number="41" hits="4" branch="false"/>
            <line number="43" hits="3" branch="false"/>
            <line number="63" hits="4" branch="false"/>
            <line number="64" hits="4" branch="false"/>
            <line number="65" hits="4" branch="false"/>
            <line number="67" hits="4" branch="false"/>
            <line number="68" hits="4" branch="false"/>
            <line number="70" hits="4" branch="false"/>
            <line number="73" hits="4" branch="false"/>
            <line number="74" hits="4" branch="false"/>
            <line number="76" hits="4" branch="false"/>
            <line number="78" hits="4" branch="false"/>
            <line number="80" hits="4" branch="false"/>
            <line number="82" hits="4" branch="false"/>
            <line number="84" hits="4" branch="false"/>
          </lines>
        </class>
        <class name="piecewiseHazards.R" filename="R/piecewiseHazards.R" line-rate="1" branch-rate="0" complexity="0">
          <methods>
            <method name="getPCWHazard" signature="" line-rate="1" branch-rate="0">
              <lines>
                <line number="16" hits="13" branch="false"/>
                <line number="17" hits="13" branch="false"/>
                <line number="19" hits="13" branch="false"/>
                <line number="20" hits="13" branch="false"/>
                <line number="21" hits="13" branch="false"/>
                <line number="22" hits="13" branch="false"/>
                <line number="23" hits="13" branch="false"/>
                <line number="24" hits="13" branch="false"/>
                <line number="25" hits="13" branch="false"/>
                <line number="26" hits="13" branch="false"/>
                <line number="27" hits="13" branch="false"/>
              </lines>
            </method>
            <method name="getSumPCW" signature="" line-rate="1" branch-rate="0">
              <lines>
                <line number="50" hits="1" branch="false"/>
                <line number="51" hits="1" branch="false"/>
                <line number="53" hits="1" branch="false"/>
                <line number="54" hits="6" branch="false"/>
                <line number="55" hits="6" branch="false"/>
                <line number="57" hits="1" branch="false"/>
              </lines>
            </method>
          </methods>
          <lines>
            <line number="16" hits="13" branch="false"/>
            <line number="17" hits="13" branch="false"/>
            <line number="19" hits="13" branch="false"/>
            <line number="20" hits="13" branch="false"/>
            <line number="21" hits="13" branch="false"/>
            <line number="22" hits="13" branch="false"/>
            <line number="23" hits="13" branch="false"/>
            <line number="24" hits="13" branch="false"/>
            <line number="25" hits="13" branch="false"/>
            <line number="26" hits="13" branch="false"/>
            <line number="27" hits="13" branch="false"/>
            <line number="50" hits="1" branch="false"/>
            <line number="51" hits="1" branch="false"/>
            <line number="53" hits="1" branch="false"/>
            <line number="54" hits="6" branch="false"/>
            <line number="55" hits="6" branch="false"/>
            <line number="57" hits="1" branch="false"/>
          </lines>
        </class>
        <class name="transitionParameters.R" filename="R/transitionParameters.R" line-rate="1" branch-rate="0" complexity="0">
          <methods>
            <method name="exponential_transition" signature="" line-rate="1" branch-rate="0">
              <lines>
                <line number="18" hits="12" branch="false"/>
                <line number="19" hits="11" branch="false"/>
                <line number="20" hits="11" branch="false"/>
                <line number="21" hits="11" branch="false"/>
                <line number="22" hits="11" branch="false"/>
                <line number="23" hits="11" branch="false"/>
                <line number="24" hits="11" branch="false"/>
                <line number="25" hits="11" branch="false"/>
                <line number="26" hits="11" branch="false"/>
                <line number="27" hits="11" branch="false"/>
                <line number="28" hits="11" branch="false"/>
                <line number="29" hits="11" branch="false"/>
              </lines>
            </method>
            <method name="piecewise_exponential" signature="" line-rate="1" branch-rate="0">
              <lines>
                <line number="57" hits="4" branch="false"/>
                <line number="58" hits="3" branch="false"/>
                <line number="59" hits="3" branch="false"/>
                <line number="61" hits="3" branch="false"/>
                <line number="62" hits="2" branch="false"/>
                <line number="63" hits="1" branch="false"/>
                <line number="65" hits="1" branch="false"/>
                <line number="66" hits="1" branch="false"/>
                <line number="67" hits="1" branch="false"/>
                <line number="68" hits="1" branch="false"/>
                <line number="69" hits="1" branch="false"/>
                <line number="70" hits="1" branch="false"/>
                <line number="71" hits="1" branch="false"/>
                <line number="72" hits="1" branch="false"/>
                <line number="73" hits="1" branch="false"/>
              </lines>
            </method>
            <method name="weibull_transition" signature="" line-rate="1" branch-rate="0">
              <lines>
                <line number="98" hits="20" branch="false"/>
                <line number="99" hits="20" branch="false"/>
                <line number="100" hits="19" branch="false"/>
                <line number="101" hits="19" branch="false"/>
                <line number="102" hits="19" branch="false"/>
                <line number="103" hits="19" branch="false"/>
                <line number="104" hits="18" branch="false"/>
                <line number="105" hits="18" branch="false"/>
                <line number="106" hits="18" branch="false"/>
                <line number="107" hits="18" branch="false"/>
                <line number="108" hits="18" branch="false"/>
                <line number="109" hits="18" branch="false"/>
                <line number="110" hits="18" branch="false"/>
                <line number="111" hits="18" branch="false"/>
                <line number="112" hits="18" branch="false"/>
              </lines>
            </method>
          </methods>
          <lines>
            <line number="18" hits="12" branch="false"/>
            <line number="19" hits="11" branch="false"/>
            <line number="20" hits="11" branch="false"/>
            <line number="21" hits="11" branch="false"/>
            <line number="22" hits="11" branch="false"/>
            <line number="23" hits="11" branch="false"/>
            <line number="24" hits="11" branch="false"/>
            <line number="25" hits="11" branch="false"/>
            <line number="26" hits="11" branch="false"/>
            <line number="27" hits="11" branch="false"/>
            <line number="28" hits="11" branch="false"/>
            <line number="29" hits="11" branch="false"/>
            <line number="57" hits="4" branch="false"/>
            <line number="58" hits="3" branch="false"/>
            <line number="59" hits="3" branch="false"/>
            <line number="61" hits="3" branch="false"/>
            <line number="62" hits="2" branch="false"/>
            <line number="63" hits="1" branch="false"/>
            <line number="65" hits="1" branch="false"/>
            <line number="66" hits="1" branch="false"/>
            <line number="67" hits="1" branch="false"/>
            <line number="68" hits="1" branch="false"/>
            <line number="69" hits="1" branch="false"/>
            <line number="70" hits="1" branch="false"/>
            <line number="71" hits="1" branch="false"/>
            <line number="72" hits="1" branch="false"/>
            <line number="73" hits="1" branch="false"/>
            <line number="98" hits="20" branch="false"/>
            <line number="99" hits="20" branch="false"/>
            <line number="100" hits="19" branch="false"/>
            <line number="101" hits="19" branch="false"/>
            <line number="102" hits="19" branch="false"/>
            <line number="103" hits="19" branch="false"/>
            <line number="104" hits="18" branch="false"/>
            <line number="105" hits="18" branch="false"/>
            <line number="106" hits="18" branch="false"/>
            <line number="107" hits="18" branch="false"/>
            <line number="108" hits="18" branch="false"/>
            <line number="109" hits="18" branch="false"/>
            <line number="110" hits="18" branch="false"/>
            <line number="111" hits="18" branch="false"/>
            <line number="112" hits="18" branch="false"/>
          </lines>
        </class>
      </classes>
    </package>
  </packages>
</coverage>
