<?xml version="1.0" encoding="UTF-8"?>
<!DOCTYPE coverage SYSTEM "https://raw.githubusercontent.com/cobertura/cobertura/master/cobertura/src/site/htdocs/xml/coverage-04.dtd">
<coverage line-rate="0.971985383678441" branch-rate="0" lines-covered="798" lines-valid="821" branches-covered="0" branches-valid="0" complexity="0" version="3.6.3" timestamp="2023-12-11 09:14:19.919631">
  <sources>
    <source>/__w/simIDM/simIDM/simIDM</source>
  </sources>
  <packages>
    <package name="simIDM" line-rate="0.971985383678441" branch-rate="0" complexity="0">
      <classes>
        <class name="assertions.R" filename="R/assertions.R" line-rate="1" branch-rate="0" complexity="0">
          <methods>
            <method name="assert_positive_number" signature="" line-rate="1" branch-rate="0" complexity="0">
              <lines>
                <line number="14" hits="54926" branch="false"/>
                <line number="15" hits="54925" branch="false"/>
                <line number="16" hits="54925" branch="false"/>
                <line number="17" hits="28569" branch="false"/>
                <line number="19" hits="26356" branch="false"/>
              </lines>
            </method>
            <method name="assert_intervals" signature="" line-rate="1" branch-rate="0" complexity="0">
              <lines>
                <line number="37" hits="573612" branch="false"/>
                <line number="38" hits="573612" branch="false"/>
                <line number="39" hits="573612" branch="false"/>
                <line number="40" hits="573612" branch="false"/>
                <line number="41" hits="573612" branch="false"/>
                <line number="42" hits="573612" branch="false"/>
                <line number="43" hits="573612" branch="false"/>
                <line number="44" hits="573612" branch="false"/>
                <line number="45" hits="573612" branch="false"/>
                <line number="46" hits="573607" branch="false"/>
              </lines>
            </method>
          </methods>
          <lines>
            <line number="14" hits="54926" branch="false"/>
            <line number="15" hits="54925" branch="false"/>
            <line number="16" hits="54925" branch="false"/>
            <line number="17" hits="28569" branch="false"/>
            <line number="19" hits="26356" branch="false"/>
            <line number="37" hits="573612" branch="false"/>
            <line number="38" hits="573612" branch="false"/>
            <line number="39" hits="573612" branch="false"/>
            <line number="40" hits="573612" branch="false"/>
            <line number="41" hits="573612" branch="false"/>
            <line number="42" hits="573612" branch="false"/>
            <line number="43" hits="573612" branch="false"/>
            <line number="44" hits="573612" branch="false"/>
            <line number="45" hits="573612" branch="false"/>
            <line number="46" hits="573607" branch="false"/>
          </lines>
        </class>
        <class name="corPFSOS.R" filename="R/corPFSOS.R" line-rate="0.8" branch-rate="0" complexity="0">
          <methods>
            <method name="survPFS" signature="" line-rate="1" branch-rate="0" complexity="0">
              <lines>
                <line number="16" hits="697" branch="false"/>
              </lines>
            </method>
            <method name="survPFS.ExponentialTransition" signature="" line-rate="1" branch-rate="0" complexity="0">
              <lines>
                <line number="26" hits="533" branch="false"/>
              </lines>
            </method>
            <method name="survPFS.WeibullTransition" signature="" line-rate="1" branch-rate="0" complexity="0">
              <lines>
                <line number="36" hits="153" branch="false"/>
                <line number="37" hits="153" branch="false"/>
                <line number="38" hits="153" branch="false"/>
                <line number="39" hits="153" branch="false"/>
              </lines>
            </method>
            <method name="survPFS.PWCTransition" signature="" line-rate="1" branch-rate="0" complexity="0">
              <lines>
                <line number="52" hits="11" branch="false"/>
                <line number="53" hits="11" branch="false"/>
                <line number="54" hits="11" branch="false"/>
                <line number="55" hits="11" branch="false"/>
              </lines>
            </method>
            <method name="survOS" signature="" line-rate="1" branch-rate="0" complexity="0">
              <lines>
                <line number="73" hits="25" branch="false"/>
              </lines>
            </method>
            <method name="survOS.ExponentialTransition" signature="" line-rate="1" branch-rate="0" complexity="0">
              <lines>
                <line number="83" hits="13" branch="false"/>
                <line number="84" hits="13" branch="false"/>
                <line number="85" hits="13" branch="false"/>
                <line number="86" hits="13" branch="false"/>
              </lines>
            </method>
            <method name="survOS.WeibullTransition" signature="" line-rate="1" branch-rate="0" complexity="0">
              <lines>
                <line number="96" hits="11" branch="false"/>
                <line number="97" hits="11" branch="false"/>
                <line number="98" hits="11" branch="false"/>
                <line number="99" hits="11" branch="false"/>
                <line number="100" hits="11" branch="false"/>
              </lines>
            </method>
            <method name="survOS.PWCTransition" signature="" line-rate="1" branch-rate="0" complexity="0">
              <lines>
                <line number="113" hits="1" branch="false"/>
                <line number="114" hits="1" branch="false"/>
                <line number="115" hits="1" branch="false"/>
                <line number="116" hits="1" branch="false"/>
                <line number="117" hits="1" branch="false"/>
              </lines>
            </method>
            <method name="expvalPFSInteg" signature="" line-rate="1" branch-rate="0" complexity="0">
              <lines>
                <line number="135" hits="9" branch="false"/>
              </lines>
            </method>
            <method name="expvalOSInteg" signature="" line-rate="1" branch-rate="0" complexity="0">
              <lines>
                <line number="151" hits="11" branch="false"/>
              </lines>
            </method>
            <method name="p11Integ" signature="" line-rate="1" branch-rate="0" complexity="0">
              <lines>
                <line number="165" hits="8974" branch="false"/>
              </lines>
            </method>
            <method name="log_p11" signature="" line-rate="1" branch-rate="0" complexity="0">
              <lines>
                <line number="183" hits="431" branch="false"/>
                <line number="184" hits="431" branch="false"/>
                <line number="185" hits="431" branch="false"/>
                <line number="186" hits="431" branch="false"/>
                <line number="188" hits="431" branch="false"/>
                <line number="189" hits="431" branch="false"/>
                <line number="190" hits="431" branch="false"/>
                <line number="191" hits="431" branch="false"/>
                <line number="192" hits="431" branch="false"/>
                <line number="193" hits="431" branch="false"/>
                <line number="194" hits="431" branch="false"/>
                <line number="195" hits="431" branch="false"/>
              </lines>
            </method>
            <method name="PFSOSInteg" signature="" line-rate="1" branch-rate="0" complexity="0">
              <lines>
                <line number="212" hits="429" branch="false"/>
              </lines>
            </method>
            <method name="survPFSOS" signature="" line-rate="1" branch-rate="0" complexity="0">
              <lines>
                <line number="228" hits="19" branch="false"/>
                <line number="229" hits="19" branch="false"/>
                <line number="230" hits="19" branch="false"/>
                <line number="231" hits="19" branch="false"/>
              </lines>
            </method>
            <method name="corTrans" signature="" line-rate="1" branch-rate="0" complexity="0">
              <lines>
                <line number="249" hits="2" branch="false"/>
                <line number="250" hits="2" branch="false"/>
                <line number="251" hits="2" branch="false"/>
                <line number="252" hits="2" branch="false"/>
                <line number="254" hits="2" branch="false"/>
                <line number="255" hits="2" branch="false"/>
                <line number="256" hits="2" branch="false"/>
                <line number="257" hits="2" branch="false"/>
                <line number="260" hits="2" branch="false"/>
                <line number="261" hits="2" branch="false"/>
                <line number="262" hits="2" branch="false"/>
                <line number="263" hits="2" branch="false"/>
                <line number="265" hits="2" branch="false"/>
                <line number="266" hits="2" branch="false"/>
                <line number="267" hits="2" branch="false"/>
                <line number="268" hits="2" branch="false"/>
                <line number="270" hits="2" branch="false"/>
                <line number="272" hits="2" branch="false"/>
                <line number="275" hits="2" branch="false"/>
                <line number="276" hits="2" branch="false"/>
                <line number="277" hits="2" branch="false"/>
                <line number="278" hits="2" branch="false"/>
                <line number="281" hits="2" branch="false"/>
              </lines>
            </method>
            <method name="corPFSOS" signature="" line-rate="0.296296296296296" branch-rate="0" complexity="0">
              <lines>
                <line number="309" hits="1" branch="false"/>
                <line number="310" hits="1" branch="false"/>
                <line number="311" hits="1" branch="false"/>
                <line number="312" hits="1" branch="false"/>
                <line number="314" hits="1" branch="false"/>
                <line number="315" hits="1" branch="false"/>
                <line number="316" hits="1" branch="false"/>
                <line number="317" hits="0" branch="false"/>
                <line number="318" hits="0" branch="false"/>
                <line number="319" hits="0" branch="false"/>
                <line number="320" hits="0" branch="false"/>
                <line number="321" hits="0" branch="false"/>
                <line number="322" hits="0" branch="false"/>
                <line number="323" hits="0" branch="false"/>
                <line number="324" hits="0" branch="false"/>
                <line number="325" hits="0" branch="false"/>
                <line number="326" hits="0" branch="false"/>
                <line number="327" hits="0" branch="false"/>
                <line number="328" hits="0" branch="false"/>
                <line number="329" hits="0" branch="false"/>
                <line number="330" hits="0" branch="false"/>
                <line number="331" hits="0" branch="false"/>
                <line number="332" hits="0" branch="false"/>
                <line number="333" hits="0" branch="false"/>
                <line number="334" hits="0" branch="false"/>
                <line number="335" hits="0" branch="false"/>
                <line number="337" hits="1" branch="false"/>
              </lines>
            </method>
          </methods>
          <lines>
            <line number="16" hits="697" branch="false"/>
            <line number="26" hits="533" branch="false"/>
            <line number="36" hits="153" branch="false"/>
            <line number="37" hits="153" branch="false"/>
            <line number="38" hits="153" branch="false"/>
            <line number="39" hits="153" branch="false"/>
            <line number="52" hits="11" branch="false"/>
            <line number="53" hits="11" branch="false"/>
            <line number="54" hits="11" branch="false"/>
            <line number="55" hits="11" branch="false"/>
            <line number="73" hits="25" branch="false"/>
            <line number="83" hits="13" branch="false"/>
            <line number="84" hits="13" branch="false"/>
            <line number="85" hits="13" branch="false"/>
            <line number="86" hits="13" branch="false"/>
            <line number="96" hits="11" branch="false"/>
            <line number="97" hits="11" branch="false"/>
            <line number="98" hits="11" branch="false"/>
            <line number="99" hits="11" branch="false"/>
            <line number="100" hits="11" branch="false"/>
            <line number="113" hits="1" branch="false"/>
            <line number="114" hits="1" branch="false"/>
            <line number="115" hits="1" branch="false"/>
            <line number="116" hits="1" branch="false"/>
            <line number="117" hits="1" branch="false"/>
            <line number="135" hits="9" branch="false"/>
            <line number="151" hits="11" branch="false"/>
            <line number="165" hits="8974" branch="false"/>
            <line number="183" hits="431" branch="false"/>
            <line number="184" hits="431" branch="false"/>
            <line number="185" hits="431" branch="false"/>
            <line number="186" hits="431" branch="false"/>
            <line number="188" hits="431" branch="false"/>
            <line number="189" hits="431" branch="false"/>
            <line number="190" hits="431" branch="false"/>
            <line number="191" hits="431" branch="false"/>
            <line number="192" hits="431" branch="false"/>
            <line number="193" hits="431" branch="false"/>
            <line number="194" hits="431" branch="false"/>
            <line number="195" hits="431" branch="false"/>
            <line number="212" hits="429" branch="false"/>
            <line number="228" hits="19" branch="false"/>
            <line number="229" hits="19" branch="false"/>
            <line number="230" hits="19" branch="false"/>
            <line number="231" hits="19" branch="false"/>
            <line number="249" hits="2" branch="false"/>
            <line number="250" hits="2" branch="false"/>
            <line number="251" hits="2" branch="false"/>
            <line number="252" hits="2" branch="false"/>
            <line number="254" hits="2" branch="false"/>
            <line number="255" hits="2" branch="false"/>
            <line number="256" hits="2" branch="false"/>
            <line number="257" hits="2" branch="false"/>
            <line number="260" hits="2" branch="false"/>
            <line number="261" hits="2" branch="false"/>
            <line number="262" hits="2" branch="false"/>
            <line number="263" hits="2" branch="false"/>
            <line number="265" hits="2" branch="false"/>
            <line number="266" hits="2" branch="false"/>
            <line number="267" hits="2" branch="false"/>
            <line number="268" hits="2" branch="false"/>
            <line number="270" hits="2" branch="false"/>
            <line number="272" hits="2" branch="false"/>
            <line number="275" hits="2" branch="false"/>
            <line number="276" hits="2" branch="false"/>
            <line number="277" hits="2" branch="false"/>
            <line number="278" hits="2" branch="false"/>
            <line number="281" hits="2" branch="false"/>
            <line number="309" hits="1" branch="false"/>
            <line number="310" hits="1" branch="false"/>
            <line number="311" hits="1" branch="false"/>
            <line number="312" hits="1" branch="false"/>
            <line number="314" hits="1" branch="false"/>
            <line number="315" hits="1" branch="false"/>
            <line number="316" hits="1" branch="false"/>
            <line number="317" hits="0" branch="false"/>
            <line number="318" hits="0" branch="false"/>
            <line number="319" hits="0" branch="false"/>
            <line number="320" hits="0" branch="false"/>
            <line number="321" hits="0" branch="false"/>
            <line number="322" hits="0" branch="false"/>
            <line number="323" hits="0" branch="false"/>
            <line number="324" hits="0" branch="false"/>
            <line number="325" hits="0" branch="false"/>
            <line number="326" hits="0" branch="false"/>
            <line number="327" hits="0" branch="false"/>
            <line number="328" hits="0" branch="false"/>
            <line number="329" hits="0" branch="false"/>
            <line number="330" hits="0" branch="false"/>
            <line number="331" hits="0" branch="false"/>
            <line number="332" hits="0" branch="false"/>
            <line number="333" hits="0" branch="false"/>
            <line number="334" hits="0" branch="false"/>
            <line number="335" hits="0" branch="false"/>
            <line number="337" hits="1" branch="false"/>
          </lines>
        </class>
        <class name="empSignificant.R" filename="R/empSignificant.R" line-rate="1" branch-rate="0" complexity="0">
          <methods>
            <method name="logRankTest" signature="" line-rate="1" branch-rate="0" complexity="0">
              <lines>
                <line number="26" hits="108" branch="false"/>
                <line number="27" hits="108" branch="false"/>
                <line number="28" hits="108" branch="false"/>
                <line number="30" hits="108" branch="false"/>
                <line number="31" hits="54" branch="false"/>
                <line number="32" hits="54" branch="false"/>
                <line number="33" hits="54" branch="false"/>
                <line number="34" hits="54" branch="false"/>
                <line number="35" hits="54" branch="false"/>
                <line number="38" hits="108" branch="false"/>
                <line number="39" hits="108" branch="false"/>
              </lines>
            </method>
            <method name="passedLogRank" signature="" line-rate="1" branch-rate="0" complexity="0">
              <lines>
                <line number="67" hits="4" branch="false"/>
                <line number="68" hits="4" branch="false"/>
                <line number="69" hits="4" branch="false"/>
                <line number="72" hits="4" branch="false"/>
                <line number="73" hits="4" branch="false"/>
                <line number="74" hits="4" branch="false"/>
                <line number="75" hits="4" branch="false"/>
                <line number="76" hits="4" branch="false"/>
                <line number="77" hits="4" branch="false"/>
                <line number="79" hits="4" branch="false"/>
                <line number="80" hits="4" branch="false"/>
                <line number="81" hits="4" branch="false"/>
                <line number="82" hits="4" branch="false"/>
                <line number="83" hits="4" branch="false"/>
                <line number="84" hits="4" branch="false"/>
              </lines>
            </method>
            <method name="empSignificant" signature="" line-rate="1" branch-rate="0" complexity="0">
              <lines>
                <line number="119" hits="1" branch="false"/>
                <line number="120" hits="1" branch="false"/>
                <line number="121" hits="1" branch="false"/>
                <line number="122" hits="1" branch="false"/>
                <line number="123" hits="1" branch="false"/>
                <line number="125" hits="1" branch="false"/>
                <line number="126" hits="1" branch="false"/>
                <line number="127" hits="1" branch="false"/>
                <line number="128" hits="1" branch="false"/>
                <line number="129" hits="1" branch="false"/>
                <line number="132" hits="1" branch="false"/>
                <line number="133" hits="1" branch="false"/>
                <line number="134" hits="1" branch="false"/>
                <line number="135" hits="1" branch="false"/>
                <line number="136" hits="1" branch="false"/>
                <line number="137" hits="1" branch="false"/>
                <line number="138" hits="1" branch="false"/>
                <line number="139" hits="1" branch="false"/>
                <line number="140" hits="1" branch="false"/>
                <line number="141" hits="1" branch="false"/>
                <line number="142" hits="1" branch="false"/>
                <line number="143" hits="1" branch="false"/>
                <line number="146" hits="1" branch="false"/>
                <line number="147" hits="1" branch="false"/>
                <line number="150" hits="1" branch="false"/>
                <line number="152" hits="1" branch="false"/>
                <line number="154" hits="1" branch="false"/>
                <line number="156" hits="1" branch="false"/>
                <line number="157" hits="1" branch="false"/>
                <line number="158" hits="1" branch="false"/>
                <line number="159" hits="1" branch="false"/>
                <line number="160" hits="1" branch="false"/>
                <line number="161" hits="1" branch="false"/>
              </lines>
            </method>
          </methods>
          <lines>
            <line number="26" hits="108" branch="false"/>
            <line number="27" hits="108" branch="false"/>
            <line number="28" hits="108" branch="false"/>
            <line number="30" hits="108" branch="false"/>
            <line number="31" hits="54" branch="false"/>
            <line number="32" hits="54" branch="false"/>
            <line number="33" hits="54" branch="false"/>
            <line number="34" hits="54" branch="false"/>
            <line number="35" hits="54" branch="false"/>
            <line number="38" hits="108" branch="false"/>
            <line number="39" hits="108" branch="false"/>
            <line number="67" hits="4" branch="false"/>
            <line number="68" hits="4" branch="false"/>
            <line number="69" hits="4" branch="false"/>
            <line number="72" hits="4" branch="false"/>
            <line number="73" hits="4" branch="false"/>
            <line number="74" hits="4" branch="false"/>
            <line number="75" hits="4" branch="false"/>
            <line number="76" hits="4" branch="false"/>
            <line number="77" hits="4" branch="false"/>
            <line number="79" hits="4" branch="false"/>
            <line number="80" hits="4" branch="false"/>
            <line number="81" hits="4" branch="false"/>
            <line number="82" hits="4" branch="false"/>
            <line number="83" hits="4" branch="false"/>
            <line number="84" hits="4" branch="false"/>
            <line number="119" hits="1" branch="false"/>
            <line number="120" hits="1" branch="false"/>
            <line number="121" hits="1" branch="false"/>
            <line number="122" hits="1" branch="false"/>
            <line number="123" hits="1" branch="false"/>
            <line number="125" hits="1" branch="false"/>
            <line number="126" hits="1" branch="false"/>
            <line number="127" hits="1" branch="false"/>
            <line number="128" hits="1" branch="false"/>
            <line number="129" hits="1" branch="false"/>
            <line number="132" hits="1" branch="false"/>
            <line number="133" hits="1" branch="false"/>
            <line number="134" hits="1" branch="false"/>
            <line number="135" hits="1" branch="false"/>
            <line number="136" hits="1" branch="false"/>
            <line number="137" hits="1" branch="false"/>
            <line number="138" hits="1" branch="false"/>
            <line number="139" hits="1" branch="false"/>
            <line number="140" hits="1" branch="false"/>
            <line number="141" hits="1" branch="false"/>
            <line number="142" hits="1" branch="false"/>
            <line number="143" hits="1" branch="false"/>
            <line number="146" hits="1" branch="false"/>
            <line number="147" hits="1" branch="false"/>
            <line number="150" hits="1" branch="false"/>
            <line number="152" hits="1" branch="false"/>
            <line number="154" hits="1" branch="false"/>
            <line number="156" hits="1" branch="false"/>
            <line number="157" hits="1" branch="false"/>
            <line number="158" hits="1" branch="false"/>
            <line number="159" hits="1" branch="false"/>
            <line number="160" hits="1" branch="false"/>
            <line number="161" hits="1" branch="false"/>
          </lines>
        </class>
        <class name="estimateParams.R" filename="R/estimateParams.R" line-rate="1" branch-rate="0" complexity="0">
          <methods>
            <method name="prepareData" signature="" line-rate="1" branch-rate="0" complexity="0">
              <lines>
                <line number="31" hits="8" branch="false"/>
                <line number="32" hits="8" branch="false"/>
                <line number="33" hits="8" branch="false"/>
                <line number="34" hits="8" branch="false"/>
                <line number="35" hits="8" branch="false"/>
                <line number="36" hits="8" branch="false"/>
                <line number="37" hits="8" branch="false"/>
                <line number="38" hits="1" branch="false"/>
                <line number="43" hits="8" branch="false"/>
                <line number="44" hits="8" branch="false"/>
                <line number="45" hits="8" branch="false"/>
                <line number="46" hits="8" branch="false"/>
                <line number="47" hits="8" branch="false"/>
                <line number="48" hits="8" branch="false"/>
                <line number="49" hits="8" branch="false"/>
                <line number="50" hits="8" branch="false"/>
                <line number="51" hits="8" branch="false"/>
                <line number="53" hits="8" branch="false"/>
                <line number="54" hits="8" branch="false"/>
                <line number="55" hits="8" branch="false"/>
                <line number="57" hits="8" branch="false"/>
              </lines>
            </method>
            <method name="negLogLik" signature="" line-rate="1" branch-rate="0" complexity="0">
              <lines>
                <line number="82" hits="290" branch="false"/>
                <line number="83" hits="290" branch="false"/>
                <line number="84" hits="290" branch="false"/>
                <line number="85" hits="290" branch="false"/>
                <line number="86" hits="290" branch="false"/>
                <line number="87" hits="290" branch="false"/>
                <line number="88" hits="290" branch="false"/>
              </lines>
            </method>
            <method name="haz" signature="" line-rate="1" branch-rate="0" complexity="0">
              <lines>
                <line number="111" hits="9698" branch="false"/>
                <line number="112" hits="9698" branch="false"/>
                <line number="113" hits="9698" branch="false"/>
                <line number="114" hits="9698" branch="false"/>
              </lines>
            </method>
            <method name="haz.ExponentialTransition" signature="" line-rate="1" branch-rate="0" complexity="0">
              <lines>
                <line number="125" hits="7233" branch="false"/>
                <line number="126" hits="7233" branch="false"/>
              </lines>
            </method>
            <method name="haz.WeibullTransition" signature="" line-rate="1" branch-rate="0" complexity="0">
              <lines>
                <line number="137" hits="2311" branch="false"/>
                <line number="138" hits="2311" branch="false"/>
              </lines>
            </method>
            <method name="haz.PWCTransition" signature="" line-rate="1" branch-rate="0" complexity="0">
              <lines>
                <line number="151" hits="154" branch="false"/>
                <line number="152" hits="154" branch="false"/>
                <line number="153" hits="154" branch="false"/>
                <line number="154" hits="154" branch="false"/>
              </lines>
            </method>
            <method name="survTrans" signature="" line-rate="1" branch-rate="0" complexity="0">
              <lines>
                <line number="171" hits="582" branch="false"/>
                <line number="172" hits="582" branch="false"/>
                <line number="173" hits="582" branch="false"/>
                <line number="174" hits="582" branch="false"/>
              </lines>
            </method>
            <method name="survTrans.ExponentialTransition" signature="" line-rate="1" branch-rate="0" complexity="0">
              <lines>
                <line number="185" hits="187" branch="false"/>
                <line number="186" hits="187" branch="false"/>
              </lines>
            </method>
            <method name="survTrans.WeibullTransition" signature="" line-rate="1" branch-rate="0" complexity="0">
              <lines>
                <line number="197" hits="395" branch="false"/>
                <line number="198" hits="395" branch="false"/>
              </lines>
            </method>
            <method name="getInit" signature="" line-rate="1" branch-rate="0" complexity="0">
              <lines>
                <line number="213" hits="5" branch="false"/>
                <line number="214" hits="5" branch="false"/>
              </lines>
            </method>
            <method name="getInit.ExponentialTransition" signature="" line-rate="1" branch-rate="0" complexity="0">
              <lines>
                <line number="224" hits="3" branch="false"/>
              </lines>
            </method>
            <method name="getInit.WeibullTransition" signature="" line-rate="1" branch-rate="0" complexity="0">
              <lines>
                <line number="234" hits="2" branch="false"/>
              </lines>
            </method>
            <method name="getTarget" signature="" line-rate="1" branch-rate="0" complexity="0">
              <lines>
                <line number="262" hits="5" branch="false"/>
                <line number="263" hits="5" branch="false"/>
              </lines>
            </method>
            <method name="getTarget.ExponentialTransition" signature="" line-rate="1" branch-rate="0" complexity="0">
              <lines>
                <line number="282" hits="3" branch="false"/>
                <line number="283" hits="3" branch="false"/>
                <line number="284" hits="3" branch="false"/>
              </lines>
            </method>
            <method name="getTarget.WeibullTransition" signature="" line-rate="1" branch-rate="0" complexity="0">
              <lines>
                <line number="303" hits="2" branch="false"/>
                <line number="304" hits="2" branch="false"/>
                <line number="305" hits="2" branch="false"/>
                <line number="306" hits="2" branch="false"/>
                <line number="307" hits="2" branch="false"/>
                <line number="308" hits="2" branch="false"/>
              </lines>
            </method>
            <method name="getResults" signature="" line-rate="1" branch-rate="0" complexity="0">
              <lines>
                <line number="324" hits="5" branch="false"/>
              </lines>
            </method>
            <method name="getResults.ExponentialTransition" signature="" line-rate="1" branch-rate="0" complexity="0">
              <lines>
                <line number="334" hits="3" branch="false"/>
              </lines>
            </method>
            <method name="getResults.WeibullTransition" signature="" line-rate="1" branch-rate="0" complexity="0">
              <lines>
                <line number="344" hits="2" branch="false"/>
                <line number="345" hits="2" branch="false"/>
                <line number="346" hits="2" branch="false"/>
                <line number="347" hits="2" branch="false"/>
              </lines>
            </method>
            <method name="estimateParams" signature="" line-rate="1" branch-rate="0" complexity="0">
              <lines>
                <line number="376" hits="3" branch="false"/>
                <line number="377" hits="3" branch="false"/>
                <line number="378" hits="3" branch="false"/>
                <line number="380" hits="3" branch="false"/>
                <line number="381" hits="3" branch="false"/>
                <line number="382" hits="3" branch="false"/>
                <line number="383" hits="3" branch="false"/>
                <line number="384" hits="3" branch="false"/>
                <line number="385" hits="3" branch="false"/>
                <line number="386" hits="3" branch="false"/>
                <line number="388" hits="3" branch="false"/>
              </lines>
            </method>
          </methods>
          <lines>
            <line number="31" hits="8" branch="false"/>
            <line number="32" hits="8" branch="false"/>
            <line number="33" hits="8" branch="false"/>
            <line number="34" hits="8" branch="false"/>
            <line number="35" hits="8" branch="false"/>
            <line number="36" hits="8" branch="false"/>
            <line number="37" hits="8" branch="false"/>
            <line number="38" hits="1" branch="false"/>
            <line number="43" hits="8" branch="false"/>
            <line number="44" hits="8" branch="false"/>
            <line number="45" hits="8" branch="false"/>
            <line number="46" hits="8" branch="false"/>
            <line number="47" hits="8" branch="false"/>
            <line number="48" hits="8" branch="false"/>
            <line number="49" hits="8" branch="false"/>
            <line number="50" hits="8" branch="false"/>
            <line number="51" hits="8" branch="false"/>
            <line number="53" hits="8" branch="false"/>
            <line number="54" hits="8" branch="false"/>
            <line number="55" hits="8" branch="false"/>
            <line number="57" hits="8" branch="false"/>
            <line number="82" hits="290" branch="false"/>
            <line number="83" hits="290" branch="false"/>
            <line number="84" hits="290" branch="false"/>
            <line number="85" hits="290" branch="false"/>
            <line number="86" hits="290" branch="false"/>
            <line number="87" hits="290" branch="false"/>
            <line number="88" hits="290" branch="false"/>
            <line number="111" hits="9698" branch="false"/>
            <line number="112" hits="9698" branch="false"/>
            <line number="113" hits="9698" branch="false"/>
            <line number="114" hits="9698" branch="false"/>
            <line number="125" hits="7233" branch="false"/>
            <line number="126" hits="7233" branch="false"/>
            <line number="137" hits="2311" branch="false"/>
            <line number="138" hits="2311" branch="false"/>
            <line number="151" hits="154" branch="false"/>
            <line number="152" hits="154" branch="false"/>
            <line number="153" hits="154" branch="false"/>
            <line number="154" hits="154" branch="false"/>
            <line number="171" hits="582" branch="false"/>
            <line number="172" hits="582" branch="false"/>
            <line number="173" hits="582" branch="false"/>
            <line number="174" hits="582" branch="false"/>
            <line number="185" hits="187" branch="false"/>
            <line number="186" hits="187" branch="false"/>
            <line number="197" hits="395" branch="false"/>
            <line number="198" hits="395" branch="false"/>
            <line number="213" hits="5" branch="false"/>
            <line number="214" hits="5" branch="false"/>
            <line number="224" hits="3" branch="false"/>
            <line number="234" hits="2" branch="false"/>
            <line number="262" hits="5" branch="false"/>
            <line number="263" hits="5" branch="false"/>
            <line number="282" hits="3" branch="false"/>
            <line number="283" hits="3" branch="false"/>
            <line number="284" hits="3" branch="false"/>
            <line number="303" hits="2" branch="false"/>
            <line number="304" hits="2" branch="false"/>
            <line number="305" hits="2" branch="false"/>
            <line number="306" hits="2" branch="false"/>
            <line number="307" hits="2" branch="false"/>
            <line number="308" hits="2" branch="false"/>
            <line number="324" hits="5" branch="false"/>
            <line number="334" hits="3" branch="false"/>
            <line number="344" hits="2" branch="false"/>
            <line number="345" hits="2" branch="false"/>
            <line number="346" hits="2" branch="false"/>
            <line number="347" hits="2" branch="false"/>
            <line number="376" hits="3" branch="false"/>
            <line number="377" hits="3" branch="false"/>
            <line number="378" hits="3" branch="false"/>
            <line number="380" hits="3" branch="false"/>
            <line number="381" hits="3" branch="false"/>
            <line number="382" hits="3" branch="false"/>
            <line number="383" hits="3" branch="false"/>
            <line number="384" hits="3" branch="false"/>
            <line number="385" hits="3" branch="false"/>
            <line number="386" hits="3" branch="false"/>
            <line number="388" hits="3" branch="false"/>
          </lines>
        </class>
        <class name="eventTracking.R" filename="R/eventTracking.R" line-rate="0.977272727272727" branch-rate="0" complexity="0">
          <methods>
            <method name="getTimePoint" signature="" line-rate="0.952380952380952" branch-rate="0" complexity="0">
              <lines>
                <line number="26" hits="112" branch="false"/>
                <line number="27" hits="112" branch="false"/>
                <line number="28" hits="112" branch="false"/>
                <line number="29" hits="112" branch="false"/>
                <line number="31" hits="112" branch="false"/>
                <line number="32" hits="110" branch="false"/>
                <line number="34" hits="112" branch="false"/>
                <line number="36" hits="112" branch="false"/>
                <line number="37" hits="56" branch="false"/>
                <line number="38" hits="56" branch="false"/>
                <line number="39" hits="56" branch="false"/>
                <line number="40" hits="56" branch="false"/>
                <line number="41" hits="56" branch="false"/>
                <line number="44" hits="112" branch="false"/>
                <line number="45" hits="112" branch="false"/>
                <line number="46" hits="112" branch="false"/>
                <line number="47" hits="112" branch="false"/>
                <line number="48" hits="0" branch="false"/>
                <line number="49" hits="112" branch="false"/>
                <line number="50" hits="112" branch="false"/>
                <line number="51" hits="112" branch="false"/>
              </lines>
            </method>
            <method name="getCensoredData" signature="" line-rate="1" branch-rate="0" complexity="0">
              <lines>
                <line number="81" hits="217" branch="false"/>
                <line number="82" hits="217" branch="false"/>
                <line number="83" hits="217" branch="false"/>
                <line number="86" hits="217" branch="false"/>
                <line number="87" hits="217" branch="false"/>
                <line number="89" hits="217" branch="false"/>
                <line number="91" hits="217" branch="false"/>
                <line number="92" hits="217" branch="false"/>
                <line number="94" hits="217" branch="false"/>
                <line number="96" hits="217" branch="false"/>
                <line number="97" hits="217" branch="false"/>
                <line number="98" hits="217" branch="false"/>
                <line number="99" hits="217" branch="false"/>
                <line number="100" hits="217" branch="false"/>
                <line number="101" hits="217" branch="false"/>
              </lines>
            </method>
            <method name="censoringByNumberEvents" signature="" line-rate="1" branch-rate="0" complexity="0">
              <lines>
                <line number="128" hits="108" branch="false"/>
                <line number="129" hits="108" branch="false"/>
                <line number="130" hits="108" branch="false"/>
                <line number="133" hits="108" branch="false"/>
                <line number="136" hits="108" branch="false"/>
                <line number="138" hits="108" branch="false"/>
                <line number="139" hits="108" branch="false"/>
                <line number="141" hits="108" branch="false"/>
                <line number="142" hits="108" branch="false"/>
                <line number="144" hits="108" branch="false"/>
                <line number="145" hits="108" branch="false"/>
                <line number="146" hits="108" branch="false"/>
                <line number="147" hits="108" branch="false"/>
                <line number="148" hits="108" branch="false"/>
                <line number="149" hits="108" branch="false"/>
              </lines>
            </method>
            <method name="getEventsAll" signature="" line-rate="1" branch-rate="0" complexity="0">
              <lines>
                <line number="174" hits="3" branch="false"/>
                <line number="175" hits="3" branch="false"/>
                <line number="177" hits="3" branch="false"/>
                <line number="178" hits="3" branch="false"/>
                <line number="179" hits="3" branch="false"/>
                <line number="181" hits="3" branch="false"/>
                <line number="182" hits="3" branch="false"/>
                <line number="183" hits="3" branch="false"/>
                <line number="184" hits="3" branch="false"/>
                <line number="185" hits="3" branch="false"/>
                <line number="187" hits="3" branch="false"/>
                <line number="188" hits="3" branch="false"/>
                <line number="189" hits="3" branch="false"/>
                <line number="190" hits="3" branch="false"/>
                <line number="191" hits="3" branch="false"/>
              </lines>
            </method>
            <method name="getNumberEvents" signature="" line-rate="1" branch-rate="0" complexity="0">
              <lines>
                <line number="208" hits="5" branch="false"/>
                <line number="209" hits="5" branch="false"/>
                <line number="210" hits="5" branch="false"/>
                <line number="212" hits="5" branch="false"/>
              </lines>
            </method>
            <method name="trackEventsPerTrial" signature="" line-rate="0.944444444444444" branch-rate="0" complexity="0">
              <lines>
                <line number="239" hits="1" branch="false"/>
                <line number="240" hits="1" branch="false"/>
                <line number="241" hits="1" branch="false"/>
                <line number="243" hits="1" branch="false"/>
                <line number="244" hits="0" branch="false"/>
                <line number="246" hits="1" branch="false"/>
                <line number="247" hits="1" branch="false"/>
                <line number="248" hits="1" branch="false"/>
                <line number="249" hits="1" branch="false"/>
                <line number="250" hits="1" branch="false"/>
                <line number="251" hits="1" branch="false"/>
                <line number="253" hits="1" branch="false"/>
                <line number="254" hits="1" branch="false"/>
                <line number="255" hits="1" branch="false"/>
                <line number="256" hits="1" branch="false"/>
                <line number="257" hits="1" branch="false"/>
                <line number="258" hits="1" branch="false"/>
                <line number="259" hits="1" branch="false"/>
              </lines>
            </method>
          </methods>
          <lines>
            <line number="26" hits="112" branch="false"/>
            <line number="27" hits="112" branch="false"/>
            <line number="28" hits="112" branch="false"/>
            <line number="29" hits="112" branch="false"/>
            <line number="31" hits="112" branch="false"/>
            <line number="32" hits="110" branch="false"/>
            <line number="34" hits="112" branch="false"/>
            <line number="36" hits="112" branch="false"/>
            <line number="37" hits="56" branch="false"/>
            <line number="38" hits="56" branch="false"/>
            <line number="39" hits="56" branch="false"/>
            <line number="40" hits="56" branch="false"/>
            <line number="41" hits="56" branch="false"/>
            <line number="44" hits="112" branch="false"/>
            <line number="45" hits="112" branch="false"/>
            <line number="46" hits="112" branch="false"/>
            <line number="47" hits="112" branch="false"/>
            <line number="48" hits="0" branch="false"/>
            <line number="49" hits="112" branch="false"/>
            <line number="50" hits="112" branch="false"/>
            <line number="51" hits="112" branch="false"/>
            <line number="81" hits="217" branch="false"/>
            <line number="82" hits="217" branch="false"/>
            <line number="83" hits="217" branch="false"/>
            <line number="86" hits="217" branch="false"/>
            <line number="87" hits="217" branch="false"/>
            <line number="89" hits="217" branch="false"/>
            <line number="91" hits="217" branch="false"/>
            <line number="92" hits="217" branch="false"/>
            <line number="94" hits="217" branch="false"/>
            <line number="96" hits="217" branch="false"/>
            <line number="97" hits="217" branch="false"/>
            <line number="98" hits="217" branch="false"/>
            <line number="99" hits="217" branch="false"/>
            <line number="100" hits="217" branch="false"/>
            <line number="101" hits="217" branch="false"/>
            <line number="128" hits="108" branch="false"/>
            <line number="129" hits="108" branch="false"/>
            <line number="130" hits="108" branch="false"/>
            <line number="133" hits="108" branch="false"/>
            <line number="136" hits="108" branch="false"/>
            <line number="138" hits="108" branch="false"/>
            <line number="139" hits="108" branch="false"/>
            <line number="141" hits="108" branch="false"/>
            <line number="142" hits="108" branch="false"/>
            <line number="144" hits="108" branch="false"/>
            <line number="145" hits="108" branch="false"/>
            <line number="146" hits="108" branch="false"/>
            <line number="147" hits="108" branch="false"/>
            <line number="148" hits="108" branch="false"/>
            <line number="149" hits="108" branch="false"/>
            <line number="174" hits="3" branch="false"/>
            <line number="175" hits="3" branch="false"/>
            <line number="177" hits="3" branch="false"/>
            <line number="178" hits="3" branch="false"/>
            <line number="179" hits="3" branch="false"/>
            <line number="181" hits="3" branch="false"/>
            <line number="182" hits="3" branch="false"/>
            <line number="183" hits="3" branch="false"/>
            <line number="184" hits="3" branch="false"/>
            <line number="185" hits="3" branch="false"/>
            <line number="187" hits="3" branch="false"/>
            <line number="188" hits="3" branch="false"/>
            <line number="189" hits="3" branch="false"/>
            <line number="190" hits="3" branch="false"/>
            <line number="191" hits="3" branch="false"/>
            <line number="208" hits="5" branch="false"/>
            <line number="209" hits="5" branch="false"/>
            <line number="210" hits="5" branch="false"/>
            <line number="212" hits="5" branch="false"/>
            <line number="239" hits="1" branch="false"/>
            <line number="240" hits="1" branch="false"/>
            <line number="241" hits="1" branch="false"/>
            <line number="243" hits="1" branch="false"/>
            <line number="244" hits="0" branch="false"/>
            <line number="246" hits="1" branch="false"/>
            <line number="247" hits="1" branch="false"/>
            <line number="248" hits="1" branch="false"/>
            <line number="249" hits="1" branch="false"/>
            <line number="250" hits="1" branch="false"/>
            <line number="251" hits="1" branch="false"/>
            <line number="253" hits="1" branch="false"/>
            <line number="254" hits="1" branch="false"/>
            <line number="255" hits="1" branch="false"/>
            <line number="256" hits="1" branch="false"/>
            <line number="257" hits="1" branch="false"/>
            <line number="258" hits="1" branch="false"/>
            <line number="259" hits="1" branch="false"/>
          </lines>
        </class>
        <class name="getClinicalTrials.R" filename="R/getClinicalTrials.R" line-rate="1" branch-rate="0" complexity="0">
          <methods>
            <method name="getOneClinicalTrial" signature="" line-rate="1" branch-rate="0" complexity="0">
              <lines>
                <line number="33" hits="3105" branch="false"/>
                <line number="34" hits="3105" branch="false"/>
                <line number="35" hits="3105" branch="false"/>
                <line number="36" hits="3105" branch="false"/>
                <line number="37" hits="3105" branch="false"/>
                <line number="38" hits="3105" branch="false"/>
                <line number="39" hits="3105" branch="false"/>
                <line number="40" hits="3105" branch="false"/>
                <line number="41" hits="3105" branch="false"/>
                <line number="42" hits="3105" branch="false"/>
                <line number="43" hits="3105" branch="false"/>
                <line number="46" hits="3105" branch="false"/>
                <line number="47" hits="11" branch="false"/>
                <line number="49" hits="3094" branch="false"/>
                <line number="52" hits="3105" branch="false"/>
                <line number="53" hits="11" branch="false"/>
                <line number="55" hits="3094" branch="false"/>
                <line number="60" hits="3105" branch="false"/>
                <line number="61" hits="3105" branch="false"/>
                <line number="62" hits="3105" branch="false"/>
                <line number="63" hits="6205" branch="false"/>
                <line number="64" hits="6205" branch="false"/>
                <line number="65" hits="6205" branch="false"/>
                <line number="66" hits="6205" branch="false"/>
                <line number="67" hits="6205" branch="false"/>
                <line number="69" hits="3105" branch="false"/>
                <line number="70" hits="1" branch="false"/>
                <line number="72" hits="3105" branch="false"/>
              </lines>
            </method>
            <method name="getDatasetWideFormat" signature="" line-rate="1" branch-rate="0" complexity="0">
              <lines>
                <line number="108" hits="90" branch="false"/>
                <line number="109" hits="90" branch="false"/>
                <line number="112" hits="90" branch="false"/>
                <line number="113" hits="90" branch="false"/>
                <line number="116" hits="90" branch="false"/>
                <line number="117" hits="90" branch="false"/>
                <line number="120" hits="90" branch="false"/>
                <line number="121" hits="90" branch="false"/>
                <line number="122" hits="90" branch="false"/>
                <line number="123" hits="90" branch="false"/>
                <line number="124" hits="90" branch="false"/>
                <line number="127" hits="90" branch="false"/>
                <line number="128" hits="90" branch="false"/>
                <line number="129" hits="90" branch="false"/>
                <line number="130" hits="90" branch="false"/>
                <line number="131" hits="90" branch="false"/>
                <line number="134" hits="90" branch="false"/>
                <line number="135" hits="90" branch="false"/>
                <line number="136" hits="90" branch="false"/>
                <line number="139" hits="90" branch="false"/>
                <line number="140" hits="90" branch="false"/>
                <line number="141" hits="90" branch="false"/>
                <line number="144" hits="90" branch="false"/>
                <line number="145" hits="90" branch="false"/>
                <line number="148" hits="90" branch="false"/>
                <line number="149" hits="90" branch="false"/>
                <line number="151" hits="90" branch="false"/>
              </lines>
            </method>
            <method name="runTrial" signature="" line-rate="1" branch-rate="0" complexity="0">
              <lines>
                <line number="162" hits="3094" branch="false"/>
                <line number="163" hits="3094" branch="false"/>
              </lines>
            </method>
            <method name="getClinicalTrials" signature="" line-rate="1" branch-rate="0" complexity="0">
              <lines>
                <line number="186" hits="19" branch="false"/>
                <line number="187" hits="19" branch="false"/>
                <line number="189" hits="19" branch="false"/>
                <line number="190" hits="19" branch="false"/>
                <line number="191" hits="19" branch="false"/>
                <line number="193" hits="19" branch="false"/>
                <line number="194" hits="19" branch="false"/>
                <line number="195" hits="19" branch="false"/>
                <line number="196" hits="19" branch="false"/>
                <line number="197" hits="19" branch="false"/>
                <line number="198" hits="19" branch="false"/>
                <line number="200" hits="19" branch="false"/>
                <line number="201" hits="14" branch="false"/>
                <line number="203" hits="19" branch="false"/>
              </lines>
            </method>
          </methods>
          <lines>
            <line number="33" hits="3105" branch="false"/>
            <line number="34" hits="3105" branch="false"/>
            <line number="35" hits="3105" branch="false"/>
            <line number="36" hits="3105" branch="false"/>
            <line number="37" hits="3105" branch="false"/>
            <line number="38" hits="3105" branch="false"/>
            <line number="39" hits="3105" branch="false"/>
            <line number="40" hits="3105" branch="false"/>
            <line number="41" hits="3105" branch="false"/>
            <line number="42" hits="3105" branch="false"/>
            <line number="43" hits="3105" branch="false"/>
            <line number="46" hits="3105" branch="false"/>
            <line number="47" hits="11" branch="false"/>
            <line number="49" hits="3094" branch="false"/>
            <line number="52" hits="3105" branch="false"/>
            <line number="53" hits="11" branch="false"/>
            <line number="55" hits="3094" branch="false"/>
            <line number="60" hits="3105" branch="false"/>
            <line number="61" hits="3105" branch="false"/>
            <line number="62" hits="3105" branch="false"/>
            <line number="63" hits="6205" branch="false"/>
            <line number="64" hits="6205" branch="false"/>
            <line number="65" hits="6205" branch="false"/>
            <line number="66" hits="6205" branch="false"/>
            <line number="67" hits="6205" branch="false"/>
            <line number="69" hits="3105" branch="false"/>
            <line number="70" hits="1" branch="false"/>
            <line number="72" hits="3105" branch="false"/>
            <line number="108" hits="90" branch="false"/>
            <line number="109" hits="90" branch="false"/>
            <line number="112" hits="90" branch="false"/>
            <line number="113" hits="90" branch="false"/>
            <line number="116" hits="90" branch="false"/>
            <line number="117" hits="90" branch="false"/>
            <line number="120" hits="90" branch="false"/>
            <line number="121" hits="90" branch="false"/>
            <line number="122" hits="90" branch="false"/>
            <line number="123" hits="90" branch="false"/>
            <line number="124" hits="90" branch="false"/>
            <line number="127" hits="90" branch="false"/>
            <line number="128" hits="90" branch="false"/>
            <line number="129" hits="90" branch="false"/>
            <line number="130" hits="90" branch="false"/>
            <line number="131" hits="90" branch="false"/>
            <line number="134" hits="90" branch="false"/>
            <line number="135" hits="90" branch="false"/>
            <line number="136" hits="90" branch="false"/>
            <line number="139" hits="90" branch="false"/>
            <line number="140" hits="90" branch="false"/>
            <line number="141" hits="90" branch="false"/>
            <line number="144" hits="90" branch="false"/>
            <line number="145" hits="90" branch="false"/>
            <line number="148" hits="90" branch="false"/>
            <line number="149" hits="90" branch="false"/>
            <line number="151" hits="90" branch="false"/>
            <line number="162" hits="3094" branch="false"/>
            <line number="163" hits="3094" branch="false"/>
            <line number="186" hits="19" branch="false"/>
            <line number="187" hits="19" branch="false"/>
            <line number="189" hits="19" branch="false"/>
            <line number="190" hits="19" branch="false"/>
            <line number="191" hits="19" branch="false"/>
            <line number="193" hits="19" branch="false"/>
            <line number="194" hits="19" branch="false"/>
            <line number="195" hits="19" branch="false"/>
            <line number="196" hits="19" branch="false"/>
            <line number="197" hits="19" branch="false"/>
            <line number="198" hits="19" branch="false"/>
            <line number="200" hits="19" branch="false"/>
            <line number="201" hits="14" branch="false"/>
            <line number="203" hits="19" branch="false"/>
          </lines>
        </class>
        <class name="getSimulatedData.R" filename="R/getSimulatedData.R" line-rate="1" branch-rate="0" complexity="0">
          <methods>
            <method name="getOneToTwoRows" signature="" line-rate="1" branch-rate="0" complexity="0">
              <lines>
                <line number="26" hits="6207" branch="false"/>
                <line number="27" hits="6207" branch="false"/>
                <line number="29" hits="6207" branch="false"/>
                <line number="30" hits="6207" branch="false"/>
                <line number="31" hits="6207" branch="false"/>
                <line number="32" hits="6207" branch="false"/>
                <line number="33" hits="6207" branch="false"/>
                <line number="34" hits="6207" branch="false"/>
                <line number="35" hits="6207" branch="false"/>
                <line number="36" hits="6207" branch="false"/>
                <line number="37" hits="6207" branch="false"/>
                <line number="40" hits="6207" branch="false"/>
                <line number="41" hits="2178" branch="false"/>
                <line number="42" hits="6207" branch="false"/>
                <line number="43" hits="2026" branch="false"/>
                <line number="44" hits="6207" branch="false"/>
                <line number="45" hits="2003" branch="false"/>
                <line number="46" hits="6207" branch="false"/>
                <line number="47" hits="6207" branch="false"/>
                <line number="50" hits="6207" branch="false"/>
                <line number="51" hits="6207" branch="false"/>
                <line number="52" hits="6207" branch="false"/>
                <line number="54" hits="6207" branch="false"/>
                <line number="55" hits="6207" branch="false"/>
                <line number="56" hits="6207" branch="false"/>
                <line number="57" hits="6207" branch="false"/>
                <line number="58" hits="6207" branch="false"/>
                <line number="59" hits="6207" branch="false"/>
                <line number="60" hits="6207" branch="false"/>
                <line number="61" hits="6207" branch="false"/>
                <line number="62" hits="6207" branch="false"/>
              </lines>
            </method>
            <method name="addStaggeredEntry" signature="" line-rate="1" branch-rate="0" complexity="0">
              <lines>
                <line number="93" hits="6214" branch="false"/>
                <line number="94" hits="6214" branch="false"/>
                <line number="98" hits="6214" branch="false"/>
                <line number="99" hits="6200" branch="false"/>
                <line number="100" hits="13" branch="false"/>
                <line number="101" hits="6187" branch="false"/>
                <line number="102" hits="6187" branch="false"/>
                <line number="103" hits="6187" branch="false"/>
                <line number="104" hits="6214" branch="false"/>
                <line number="105" hits="6214" branch="false"/>
                <line number="106" hits="14" branch="false"/>
                <line number="107" hits="6214" branch="false"/>
                <line number="108" hits="6214" branch="false"/>
                <line number="111" hits="6214" branch="false"/>
                <line number="112" hits="6214" branch="false"/>
                <line number="113" hits="6214" branch="false"/>
                <line number="114" hits="6214" branch="false"/>
                <line number="116" hits="6214" branch="false"/>
                <line number="117" hits="6214" branch="false"/>
                <line number="118" hits="6214" branch="false"/>
              </lines>
            </method>
            <method name="getSimulatedData" signature="" line-rate="1" branch-rate="0" complexity="0">
              <lines>
                <line number="160" hits="6210" branch="false"/>
                <line number="161" hits="6210" branch="false"/>
                <line number="162" hits="6210" branch="false"/>
                <line number="164" hits="6210" branch="false"/>
                <line number="165" hits="6210" branch="false"/>
                <line number="166" hits="6210" branch="false"/>
                <line number="167" hits="6210" branch="false"/>
                <line number="168" hits="6210" branch="false"/>
                <line number="169" hits="6210" branch="false"/>
                <line number="171" hits="6210" branch="false"/>
                <line number="172" hits="6210" branch="false"/>
                <line number="173" hits="6210" branch="false"/>
                <line number="177" hits="6210" branch="false"/>
                <line number="178" hits="198" branch="false"/>
                <line number="179" hits="6210" branch="false"/>
                <line number="180" hits="6012" branch="false"/>
                <line number="181" hits="6210" branch="false"/>
                <line number="183" hits="6210" branch="false"/>
                <line number="184" hits="198" branch="false"/>
                <line number="185" hits="6210" branch="false"/>
                <line number="186" hits="6012" branch="false"/>
                <line number="187" hits="6210" branch="false"/>
                <line number="190" hits="6210" branch="false"/>
                <line number="191" hits="6210" branch="false"/>
                <line number="193" hits="6210" branch="false"/>
                <line number="195" hits="6210" branch="false"/>
                <line number="197" hits="4203" branch="false"/>
                <line number="199" hits="4203" branch="false"/>
                <line number="200" hits="4203" branch="false"/>
                <line number="203" hits="2007" branch="false"/>
                <line number="204" hits="2007" branch="false"/>
                <line number="205" hits="2007" branch="false"/>
                <line number="207" hits="2007" branch="false"/>
                <line number="208" hits="2007" branch="false"/>
                <line number="209" hits="2007" branch="false"/>
                <line number="212" hits="6210" branch="false"/>
                <line number="213" hits="6210" branch="false"/>
                <line number="214" hits="6210" branch="false"/>
                <line number="217" hits="6210" branch="false"/>
                <line number="218" hits="6210" branch="false"/>
                <line number="220" hits="6210" branch="false"/>
                <line number="221" hits="6210" branch="false"/>
                <line number="222" hits="6210" branch="false"/>
                <line number="223" hits="6210" branch="false"/>
                <line number="224" hits="6210" branch="false"/>
                <line number="225" hits="6210" branch="false"/>
                <line number="227" hits="6206" branch="false"/>
                <line number="228" hits="6206" branch="false"/>
                <line number="229" hits="6206" branch="false"/>
                <line number="230" hits="6206" branch="false"/>
                <line number="233" hits="6210" branch="false"/>
                <line number="234" hits="6210" branch="false"/>
                <line number="235" hits="6210" branch="false"/>
                <line number="236" hits="6210" branch="false"/>
                <line number="237" hits="6210" branch="false"/>
                <line number="238" hits="6210" branch="false"/>
                <line number="239" hits="6210" branch="false"/>
                <line number="240" hits="6210" branch="false"/>
              </lines>
            </method>
          </methods>
          <lines>
            <line number="26" hits="6207" branch="false"/>
            <line number="27" hits="6207" branch="false"/>
            <line number="29" hits="6207" branch="false"/>
            <line number="30" hits="6207" branch="false"/>
            <line number="31" hits="6207" branch="false"/>
            <line number="32" hits="6207" branch="false"/>
            <line number="33" hits="6207" branch="false"/>
            <line number="34" hits="6207" branch="false"/>
            <line number="35" hits="6207" branch="false"/>
            <line number="36" hits="6207" branch="false"/>
            <line number="37" hits="6207" branch="false"/>
            <line number="40" hits="6207" branch="false"/>
            <line number="41" hits="2178" branch="false"/>
            <line number="42" hits="6207" branch="false"/>
            <line number="43" hits="2026" branch="false"/>
            <line number="44" hits="6207" branch="false"/>
            <line number="45" hits="2003" branch="false"/>
            <line number="46" hits="6207" branch="false"/>
            <line number="47" hits="6207" branch="false"/>
            <line number="50" hits="6207" branch="false"/>
            <line number="51" hits="6207" branch="false"/>
            <line number="52" hits="6207" branch="false"/>
            <line number="54" hits="6207" branch="false"/>
            <line number="55" hits="6207" branch="false"/>
            <line number="56" hits="6207" branch="false"/>
            <line number="57" hits="6207" branch="false"/>
            <line number="58" hits="6207" branch="false"/>
            <line number="59" hits="6207" branch="false"/>
            <line number="60" hits="6207" branch="false"/>
            <line number="61" hits="6207" branch="false"/>
            <line number="62" hits="6207" branch="false"/>
            <line number="93" hits="6214" branch="false"/>
            <line number="94" hits="6214" branch="false"/>
            <line number="98" hits="6214" branch="false"/>
            <line number="99" hits="6200" branch="false"/>
            <line number="100" hits="13" branch="false"/>
            <line number="101" hits="6187" branch="false"/>
            <line number="102" hits="6187" branch="false"/>
            <line number="103" hits="6187" branch="false"/>
            <line number="104" hits="6214" branch="false"/>
            <line number="105" hits="6214" branch="false"/>
            <line number="106" hits="14" branch="false"/>
            <line number="107" hits="6214" branch="false"/>
            <line number="108" hits="6214" branch="false"/>
            <line number="111" hits="6214" branch="false"/>
            <line number="112" hits="6214" branch="false"/>
            <line number="113" hits="6214" branch="false"/>
            <line number="114" hits="6214" branch="false"/>
            <line number="116" hits="6214" branch="false"/>
            <line number="117" hits="6214" branch="false"/>
            <line number="118" hits="6214" branch="false"/>
            <line number="160" hits="6210" branch="false"/>
            <line number="161" hits="6210" branch="false"/>
            <line number="162" hits="6210" branch="false"/>
            <line number="164" hits="6210" branch="false"/>
            <line number="165" hits="6210" branch="false"/>
            <line number="166" hits="6210" branch="false"/>
            <line number="167" hits="6210" branch="false"/>
            <line number="168" hits="6210" branch="false"/>
            <line number="169" hits="6210" branch="false"/>
            <line number="171" hits="6210" branch="false"/>
            <line number="172" hits="6210" branch="false"/>
            <line number="173" hits="6210" branch="false"/>
            <line number="177" hits="6210" branch="false"/>
            <line number="178" hits="198" branch="false"/>
            <line number="179" hits="6210" branch="false"/>
            <line number="180" hits="6012" branch="false"/>
            <line number="181" hits="6210" branch="false"/>
            <line number="183" hits="6210" branch="false"/>
            <line number="184" hits="198" branch="false"/>
            <line number="185" hits="6210" branch="false"/>
            <line number="186" hits="6012" branch="false"/>
            <line number="187" hits="6210" branch="false"/>
            <line number="190" hits="6210" branch="false"/>
            <line number="191" hits="6210" branch="false"/>
            <line number="193" hits="6210" branch="false"/>
            <line number="195" hits="6210" branch="false"/>
            <line number="197" hits="4203" branch="false"/>
            <line number="199" hits="4203" branch="false"/>
            <line number="200" hits="4203" branch="false"/>
            <line number="203" hits="2007" branch="false"/>
            <line number="204" hits="2007" branch="false"/>
            <line number="205" hits="2007" branch="false"/>
            <line number="207" hits="2007" branch="false"/>
            <line number="208" hits="2007" branch="false"/>
            <line number="209" hits="2007" branch="false"/>
            <line number="212" hits="6210" branch="false"/>
            <line number="213" hits="6210" branch="false"/>
            <line number="214" hits="6210" branch="false"/>
            <line number="217" hits="6210" branch="false"/>
            <line number="218" hits="6210" branch="false"/>
            <line number="220" hits="6210" branch="false"/>
            <line number="221" hits="6210" branch="false"/>
            <line number="222" hits="6210" branch="false"/>
            <line number="223" hits="6210" branch="false"/>
            <line number="224" hits="6210" branch="false"/>
            <line number="225" hits="6210" branch="false"/>
            <line number="227" hits="6206" branch="false"/>
            <line number="228" hits="6206" branch="false"/>
            <line number="229" hits="6206" branch="false"/>
            <line number="230" hits="6206" branch="false"/>
            <line number="233" hits="6210" branch="false"/>
            <line number="234" hits="6210" branch="false"/>
            <line number="235" hits="6210" branch="false"/>
            <line number="236" hits="6210" branch="false"/>
            <line number="237" hits="6210" branch="false"/>
            <line number="238" hits="6210" branch="false"/>
            <line number="239" hits="6210" branch="false"/>
            <line number="240" hits="6210" branch="false"/>
          </lines>
        </class>
        <class name="getWaitTimeSum.R" filename="R/getWaitTimeSum.R" line-rate="0.931034482758621" branch-rate="0" complexity="0">
          <methods>
            <method name="getWaitTimeSum" signature="" line-rate="0.931034482758621" branch-rate="0" complexity="0">
              <lines>
                <line number="19" hits="6232" branch="false"/>
                <line number="20" hits="6232" branch="false"/>
                <line number="21" hits="6232" branch="false"/>
                <line number="22" hits="6232" branch="false"/>
                <line number="23" hits="6232" branch="false"/>
                <line number="24" hits="6232" branch="false"/>
                <line number="26" hits="6232" branch="false"/>
                <line number="28" hits="6232" branch="false"/>
                <line number="29" hits="2187" branch="false"/>
                <line number="32" hits="4045" branch="false"/>
                <line number="33" hits="4045" branch="false"/>
                <line number="34" hits="4045" branch="false"/>
                <line number="35" hits="4045" branch="false"/>
                <line number="36" hits="4045" branch="false"/>
                <line number="37" hits="4045" branch="false"/>
                <line number="38" hits="4045" branch="false"/>
                <line number="39" hits="4045" branch="false"/>
                <line number="40" hits="4045" branch="false"/>
                <line number="41" hits="4045" branch="false"/>
                <line number="42" hits="4045" branch="false"/>
                <line number="43" hits="4045" branch="false"/>
                <line number="44" hits="4045" branch="false"/>
                <line number="45" hits="0" branch="false"/>
                <line number="46" hits="4045" branch="false"/>
                <line number="47" hits="4045" branch="false"/>
                <line number="48" hits="0" branch="false"/>
                <line number="49" hits="4045" branch="false"/>
                <line number="50" hits="4045" branch="false"/>
                <line number="51" hits="4045" branch="false"/>
              </lines>
            </method>
          </methods>
          <lines>
            <line number="19" hits="6232" branch="false"/>
            <line number="20" hits="6232" branch="false"/>
            <line number="21" hits="6232" branch="false"/>
            <line number="22" hits="6232" branch="false"/>
            <line number="23" hits="6232" branch="false"/>
            <line number="24" hits="6232" branch="false"/>
            <line number="26" hits="6232" branch="false"/>
            <line number="28" hits="6232" branch="false"/>
            <line number="29" hits="2187" branch="false"/>
            <line number="32" hits="4045" branch="false"/>
            <line number="33" hits="4045" branch="false"/>
            <line number="34" hits="4045" branch="false"/>
            <line number="35" hits="4045" branch="false"/>
            <line number="36" hits="4045" branch="false"/>
            <line number="37" hits="4045" branch="false"/>
            <line number="38" hits="4045" branch="false"/>
            <line number="39" hits="4045" branch="false"/>
            <line number="40" hits="4045" branch="false"/>
            <line number="41" hits="4045" branch="false"/>
            <line number="42" hits="4045" branch="false"/>
            <line number="43" hits="4045" branch="false"/>
            <line number="44" hits="4045" branch="false"/>
            <line number="45" hits="0" branch="false"/>
            <line number="46" hits="4045" branch="false"/>
            <line number="47" hits="4045" branch="false"/>
            <line number="48" hits="0" branch="false"/>
            <line number="49" hits="4045" branch="false"/>
            <line number="50" hits="4045" branch="false"/>
            <line number="51" hits="4045" branch="false"/>
          </lines>
        </class>
        <class name="hazardFunctions.R" filename="R/hazardFunctions.R" line-rate="1" branch-rate="0" complexity="0">
          <methods>
            <method name="ExpHazOS" signature="" line-rate="1" branch-rate="0" complexity="0">
              <lines>
                <line number="14" hits="17" branch="false"/>
                <line number="15" hits="17" branch="false"/>
                <line number="16" hits="17" branch="false"/>
                <line number="17" hits="17" branch="false"/>
                <line number="19" hits="17" branch="false"/>
                <line number="20" hits="17" branch="false"/>
              </lines>
            </method>
            <method name="avgHRIntegExpOS" signature="" line-rate="1" branch-rate="0" complexity="0">
              <lines>
                <line number="45" hits="14" branch="false"/>
                <line number="47" hits="14" branch="false"/>
                <line number="48" hits="14" branch="false"/>
                <line number="49" hits="14" branch="false"/>
              </lines>
            </method>
            <method name="avgHRExpOS" signature="" line-rate="1" branch-rate="0" complexity="0">
              <lines>
                <line number="69" hits="2" branch="false"/>
                <line number="70" hits="2" branch="false"/>
                <line number="71" hits="2" branch="false"/>
                <line number="72" hits="2" branch="false"/>
                <line number="73" hits="2" branch="false"/>
                <line number="75" hits="2" branch="false"/>
                <line number="76" hits="2" branch="false"/>
                <line number="78" hits="2" branch="false"/>
                <line number="79" hits="2" branch="false"/>
                <line number="80" hits="2" branch="false"/>
                <line number="81" hits="2" branch="false"/>
                <line number="82" hits="2" branch="false"/>
                <line number="83" hits="2" branch="false"/>
                <line number="84" hits="2" branch="false"/>
                <line number="85" hits="2" branch="false"/>
                <line number="86" hits="2" branch="false"/>
              </lines>
            </method>
          </methods>
          <lines>
            <line number="14" hits="17" branch="false"/>
            <line number="15" hits="17" branch="false"/>
            <line number="16" hits="17" branch="false"/>
            <line number="17" hits="17" branch="false"/>
            <line number="19" hits="17" branch="false"/>
            <line number="20" hits="17" branch="false"/>
            <line number="45" hits="14" branch="false"/>
            <line number="47" hits="14" branch="false"/>
            <line number="48" hits="14" branch="false"/>
[...]
                <line number="230" hits="9" branch="false"/>
                <line number="231" hits="9" branch="false"/>
                <line number="234" hits="9" branch="false"/>
                <line number="235" hits="9" branch="false"/>
                <line number="236" hits="9" branch="false"/>
                <line number="237" hits="9" branch="false"/>
                <line number="238" hits="9" branch="false"/>
                <line number="239" hits="9" branch="false"/>
                <line number="240" hits="4123" branch="false"/>
                <line number="241" hits="4123" branch="false"/>
                <line number="243" hits="4123" branch="false"/>
                <line number="246" hits="4123" branch="false"/>
                <line number="247" hits="4123" branch="false"/>
                <line number="249" hits="4123" branch="false"/>
                <line number="250" hits="4116" branch="false"/>
                <line number="251" hits="4123" branch="false"/>
                <line number="252" hits="5" branch="false"/>
                <line number="253" hits="5" branch="false"/>
                <line number="254" hits="5" branch="false"/>
                <line number="255" hits="5" branch="false"/>
                <line number="256" hits="4123" branch="false"/>
                <line number="257" hits="2" branch="false"/>
                <line number="258" hits="2" branch="false"/>
                <line number="259" hits="2" branch="false"/>
                <line number="260" hits="2" branch="false"/>
                <line number="261" hits="2" branch="false"/>
                <line number="262" hits="2" branch="false"/>
                <line number="263" hits="2" branch="false"/>
                <line number="264" hits="2" branch="false"/>
                <line number="265" hits="2" branch="false"/>
                <line number="266" hits="4123" branch="false"/>
                <line number="267" hits="4123" branch="false"/>
                <line number="268" hits="4133" branch="false"/>
                <line number="269" hits="4133" branch="false"/>
                <line number="270" hits="4133" branch="false"/>
                <line number="271" hits="4133" branch="false"/>
                <line number="272" hits="4133" branch="false"/>
                <line number="273" hits="4133" branch="false"/>
                <line number="274" hits="4126" branch="false"/>
                <line number="275" hits="4126" branch="false"/>
                <line number="276" hits="4133" branch="false"/>
                <line number="277" hits="7" branch="false"/>
                <line number="278" hits="4133" branch="false"/>
                <line number="279" hits="4133" branch="false"/>
                <line number="285" hits="9" branch="false"/>
                <line number="286" hits="9" branch="false"/>
                <line number="289" hits="9" branch="false"/>
                <line number="290" hits="9" branch="false"/>
                <line number="291" hits="9" branch="false"/>
                <line number="292" hits="1" branch="false"/>
                <line number="293" hits="1" branch="false"/>
                <line number="295" hits="9" branch="false"/>
              </lines>
            </method>
            <method name="singleExpQuantOS" signature="" line-rate="1" branch-rate="0" complexity="0">
              <lines>
                <line number="306" hits="5" branch="false"/>
                <line number="307" hits="5" branch="false"/>
                <line number="308" hits="5" branch="false"/>
                <line number="309" hits="5" branch="false"/>
                <line number="310" hits="5" branch="false"/>
                <line number="311" hits="5" branch="false"/>
                <line number="312" hits="5" branch="false"/>
                <line number="313" hits="5" branch="false"/>
                <line number="314" hits="5" branch="false"/>
              </lines>
            </method>
            <method name="ExpQuantOS" signature="" line-rate="1" branch-rate="0" complexity="0">
              <lines>
                <line number="329" hits="2" branch="false"/>
                <line number="330" hits="2" branch="false"/>
                <line number="331" hits="2" branch="false"/>
                <line number="332" hits="2" branch="false"/>
                <line number="334" hits="2" branch="false"/>
                <line number="335" hits="2" branch="false"/>
                <line number="336" hits="2" branch="false"/>
                <line number="337" hits="2" branch="false"/>
                <line number="338" hits="2" branch="false"/>
                <line number="339" hits="2" branch="false"/>
                <line number="340" hits="2" branch="false"/>
                <line number="341" hits="2" branch="false"/>
              </lines>
            </method>
          </methods>
          <lines>
            <line number="10" hits="800" branch="false"/>
            <line number="11" hits="800" branch="false"/>
            <line number="12" hits="800" branch="false"/>
            <line number="14" hits="800" branch="false"/>
            <line number="27" hits="130" branch="false"/>
            <line number="28" hits="130" branch="false"/>
            <line number="29" hits="130" branch="false"/>
            <line number="30" hits="130" branch="false"/>
            <line number="32" hits="130" branch="false"/>
            <line number="33" hits="130" branch="false"/>
            <line number="46" hits="173" branch="false"/>
            <line number="47" hits="173" branch="false"/>
            <line number="48" hits="173" branch="false"/>
            <line number="49" hits="173" branch="false"/>
            <line number="50" hits="173" branch="false"/>
            <line number="52" hits="173" branch="false"/>
            <line number="64" hits="4175" branch="false"/>
            <line number="65" hits="4175" branch="false"/>
            <line number="66" hits="4175" branch="false"/>
            <line number="67" hits="4175" branch="false"/>
            <line number="68" hits="4175" branch="false"/>
            <line number="69" hits="4175" branch="false"/>
            <line number="70" hits="4175" branch="false"/>
            <line number="71" hits="4175" branch="false"/>
            <line number="72" hits="4175" branch="false"/>
            <line number="73" hits="4175" branch="false"/>
            <line number="74" hits="4175" branch="false"/>
            <line number="87" hits="4212" branch="false"/>
            <line number="88" hits="4212" branch="false"/>
            <line number="89" hits="4212" branch="false"/>
            <line number="90" hits="4212" branch="false"/>
            <line number="91" hits="4212" branch="false"/>
            <line number="92" hits="4212" branch="false"/>
            <line number="93" hits="4212" branch="false"/>
            <line number="94" hits="4212" branch="false"/>
            <line number="95" hits="4212" branch="false"/>
            <line number="97" hits="4212" branch="false"/>
            <line number="115" hits="16" branch="false"/>
            <line number="116" hits="16" branch="false"/>
            <line number="117" hits="16" branch="false"/>
            <line number="119" hits="16" branch="false"/>
            <line number="120" hits="16" branch="false"/>
            <line number="121" hits="16" branch="false"/>
            <line number="122" hits="16" branch="false"/>
            <line number="123" hits="16" branch="false"/>
            <line number="124" hits="16" branch="false"/>
            <line number="125" hits="16" branch="false"/>
            <line number="126" hits="16" branch="false"/>
            <line number="127" hits="16" branch="false"/>
            <line number="128" hits="16" branch="false"/>
            <line number="129" hits="16" branch="false"/>
            <line number="130" hits="16" branch="false"/>
            <line number="131" hits="16" branch="false"/>
            <line number="132" hits="16" branch="false"/>
            <line number="147" hits="12581" branch="false"/>
            <line number="148" hits="12581" branch="false"/>
            <line number="149" hits="12581" branch="false"/>
            <line number="152" hits="12581" branch="false"/>
            <line number="153" hits="12581" branch="false"/>
            <line number="154" hits="12581" branch="false"/>
            <line number="157" hits="12581" branch="false"/>
            <line number="158" hits="12581" branch="false"/>
            <line number="159" hits="12581" branch="false"/>
            <line number="162" hits="12581" branch="false"/>
            <line number="175" hits="56" branch="false"/>
            <line number="176" hits="56" branch="false"/>
            <line number="177" hits="56" branch="false"/>
            <line number="179" hits="56" branch="false"/>
            <line number="180" hits="56" branch="false"/>
            <line number="182" hits="56" branch="false"/>
            <line number="183" hits="56" branch="false"/>
            <line number="185" hits="56" branch="false"/>
            <line number="198" hits="30" branch="false"/>
            <line number="199" hits="30" branch="false"/>
            <line number="200" hits="30" branch="false"/>
            <line number="219" hits="9" branch="false"/>
            <line number="220" hits="9" branch="false"/>
            <line number="221" hits="9" branch="false"/>
            <line number="222" hits="9" branch="false"/>
            <line number="223" hits="9" branch="false"/>
            <line number="224" hits="9" branch="false"/>
            <line number="225" hits="9" branch="false"/>
            <line number="228" hits="9" branch="false"/>
            <line number="229" hits="9" branch="false"/>
            <line number="230" hits="9" branch="false"/>
            <line number="231" hits="9" branch="false"/>
            <line number="234" hits="9" branch="false"/>
            <line number="235" hits="9" branch="false"/>
            <line number="236" hits="9" branch="false"/>
            <line number="237" hits="9" branch="false"/>
            <line number="238" hits="9" branch="false"/>
            <line number="239" hits="9" branch="false"/>
            <line number="240" hits="4123" branch="false"/>
            <line number="241" hits="4123" branch="false"/>
            <line number="243" hits="4123" branch="false"/>
            <line number="246" hits="4123" branch="false"/>
            <line number="247" hits="4123" branch="false"/>
            <line number="249" hits="4123" branch="false"/>
            <line number="250" hits="4116" branch="false"/>
            <line number="251" hits="4123" branch="false"/>
            <line number="252" hits="5" branch="false"/>
            <line number="253" hits="5" branch="false"/>
            <line number="254" hits="5" branch="false"/>
            <line number="255" hits="5" branch="false"/>
            <line number="256" hits="4123" branch="false"/>
            <line number="257" hits="2" branch="false"/>
            <line number="258" hits="2" branch="false"/>
            <line number="259" hits="2" branch="false"/>
            <line number="260" hits="2" branch="false"/>
            <line number="261" hits="2" branch="false"/>
            <line number="262" hits="2" branch="false"/>
            <line number="263" hits="2" branch="false"/>
            <line number="264" hits="2" branch="false"/>
            <line number="265" hits="2" branch="false"/>
            <line number="266" hits="4123" branch="false"/>
            <line number="267" hits="4123" branch="false"/>
            <line number="268" hits="4133" branch="false"/>
            <line number="269" hits="4133" branch="false"/>
            <line number="270" hits="4133" branch="false"/>
            <line number="271" hits="4133" branch="false"/>
            <line number="272" hits="4133" branch="false"/>
            <line number="273" hits="4133" branch="false"/>
            <line number="274" hits="4126" branch="false"/>
            <line number="275" hits="4126" branch="false"/>
            <line number="276" hits="4133" branch="false"/>
            <line number="277" hits="7" branch="false"/>
            <line number="278" hits="4133" branch="false"/>
            <line number="279" hits="4133" branch="false"/>
            <line number="285" hits="9" branch="false"/>
            <line number="286" hits="9" branch="false"/>
            <line number="289" hits="9" branch="false"/>
            <line number="290" hits="9" branch="false"/>
            <line number="291" hits="9" branch="false"/>
            <line number="292" hits="1" branch="false"/>
            <line number="293" hits="1" branch="false"/>
            <line number="295" hits="9" branch="false"/>
            <line number="306" hits="5" branch="false"/>
            <line number="307" hits="5" branch="false"/>
            <line number="308" hits="5" branch="false"/>
            <line number="309" hits="5" branch="false"/>
            <line number="310" hits="5" branch="false"/>
            <line number="311" hits="5" branch="false"/>
            <line number="312" hits="5" branch="false"/>
            <line number="313" hits="5" branch="false"/>
            <line number="314" hits="5" branch="false"/>
            <line number="329" hits="2" branch="false"/>
            <line number="330" hits="2" branch="false"/>
            <line number="331" hits="2" branch="false"/>
            <line number="332" hits="2" branch="false"/>
            <line number="334" hits="2" branch="false"/>
            <line number="335" hits="2" branch="false"/>
            <line number="336" hits="2" branch="false"/>
            <line number="337" hits="2" branch="false"/>
            <line number="338" hits="2" branch="false"/>
            <line number="339" hits="2" branch="false"/>
            <line number="340" hits="2" branch="false"/>
            <line number="341" hits="2" branch="false"/>
          </lines>
        </class>
        <class name="transitionParameters.R" filename="R/transitionParameters.R" line-rate="1" branch-rate="0" complexity="0">
          <methods>
            <method name="exponential_transition" signature="" line-rate="1" branch-rate="0" complexity="0">
              <lines>
                <line number="18" hits="137" branch="false"/>
                <line number="19" hits="136" branch="false"/>
                <line number="20" hits="136" branch="false"/>
                <line number="21" hits="136" branch="false"/>
                <line number="22" hits="136" branch="false"/>
                <line number="23" hits="136" branch="false"/>
                <line number="24" hits="136" branch="false"/>
                <line number="25" hits="136" branch="false"/>
                <line number="26" hits="136" branch="false"/>
                <line number="27" hits="136" branch="false"/>
                <line number="28" hits="136" branch="false"/>
                <line number="29" hits="136" branch="false"/>
              </lines>
            </method>
            <method name="piecewise_exponential" signature="" line-rate="1" branch-rate="0" complexity="0">
              <lines>
                <line number="55" hits="15" branch="false"/>
                <line number="56" hits="14" branch="false"/>
                <line number="57" hits="14" branch="false"/>
                <line number="59" hits="14" branch="false"/>
                <line number="60" hits="13" branch="false"/>
                <line number="61" hits="12" branch="false"/>
                <line number="63" hits="12" branch="false"/>
                <line number="64" hits="12" branch="false"/>
                <line number="65" hits="12" branch="false"/>
                <line number="66" hits="12" branch="false"/>
                <line number="67" hits="12" branch="false"/>
                <line number="68" hits="12" branch="false"/>
                <line number="69" hits="12" branch="false"/>
                <line number="70" hits="12" branch="false"/>
                <line number="71" hits="12" branch="false"/>
              </lines>
            </method>
            <method name="weibull_transition" signature="" line-rate="1" branch-rate="0" complexity="0">
              <lines>
                <line number="94" hits="236" branch="false"/>
                <line number="95" hits="236" branch="false"/>
                <line number="96" hits="235" branch="false"/>
                <line number="97" hits="235" branch="false"/>
                <line number="98" hits="235" branch="false"/>
                <line number="99" hits="235" branch="false"/>
                <line number="100" hits="234" branch="false"/>
                <line number="101" hits="234" branch="false"/>
                <line number="102" hits="234" branch="false"/>
                <line number="103" hits="234" branch="false"/>
                <line number="104" hits="234" branch="false"/>
                <line number="105" hits="234" branch="false"/>
                <line number="106" hits="234" branch="false"/>
                <line number="107" hits="234" branch="false"/>
                <line number="108" hits="234" branch="false"/>
              </lines>
            </method>
          </methods>
          <lines>
            <line number="18" hits="137" branch="false"/>
            <line number="19" hits="136" branch="false"/>
            <line number="20" hits="136" branch="false"/>
            <line number="21" hits="136" branch="false"/>
            <line number="22" hits="136" branch="false"/>
            <line number="23" hits="136" branch="false"/>
            <line number="24" hits="136" branch="false"/>
            <line number="25" hits="136" branch="false"/>
            <line number="26" hits="136" branch="false"/>
            <line number="27" hits="136" branch="false"/>
            <line number="28" hits="136" branch="false"/>
            <line number="29" hits="136" branch="false"/>
            <line number="55" hits="15" branch="false"/>
            <line number="56" hits="14" branch="false"/>
            <line number="57" hits="14" branch="false"/>
            <line number="59" hits="14" branch="false"/>
            <line number="60" hits="13" branch="false"/>
            <line number="61" hits="12" branch="false"/>
            <line number="63" hits="12" branch="false"/>
            <line number="64" hits="12" branch="false"/>
            <line number="65" hits="12" branch="false"/>
            <line number="66" hits="12" branch="false"/>
            <line number="67" hits="12" branch="false"/>
            <line number="68" hits="12" branch="false"/>
            <line number="69" hits="12" branch="false"/>
            <line number="70" hits="12" branch="false"/>
            <line number="71" hits="12" branch="false"/>
            <line number="94" hits="236" branch="false"/>
            <line number="95" hits="236" branch="false"/>
            <line number="96" hits="235" branch="false"/>
            <line number="97" hits="235" branch="false"/>
            <line number="98" hits="235" branch="false"/>
            <line number="99" hits="235" branch="false"/>
            <line number="100" hits="234" branch="false"/>
            <line number="101" hits="234" branch="false"/>
            <line number="102" hits="234" branch="false"/>
            <line number="103" hits="234" branch="false"/>
            <line number="104" hits="234" branch="false"/>
            <line number="105" hits="234" branch="false"/>
            <line number="106" hits="234" branch="false"/>
            <line number="107" hits="234" branch="false"/>
            <line number="108" hits="234" branch="false"/>
          </lines>
        </class>
      </classes>
    </package>
  </packages>
</coverage>
